[Licensing::Module] Trying to connect to existing licensing client channel...
Built from '6000.3/staging' branch; Version is '6000.3.9f1 (7a9955a4f2fa) revision 8034645'; Using compiler version '194234433'; Build Type 'Release'
[Licensing::IpcConnector] Successfully connected to: "LicenseClient-Mahdi" at "2026-02-25T03:01:37.3225635Z"
OS: 'Windows 11  (10.0.26200) Professional' Language: 'en' Physical Memory: 32635 MB
BatchMode: 1, IsHumanControllingUs: 0, StartBugReporterOnCrash: 0, Is64bit: 1
System  architecture: x64
Process architecture: x64
Date: 2026-02-25T03:01:37Z

COMMAND LINE ARGUMENTS:
C:\Program Files\Unity\Hub\Editor\6000.3.9f1\Editor\Unity.exe
-adb2
-batchMode
-noUpm
-name
AssetImportWorker5
-projectPath
C:/Users/Mahdi/source/repos/Sanic-ball
-logFile
Logs/AssetImportWorker5.log
-srvPort
60304
-licensingIpc
LicenseClient-Mahdi
-job-worker-count
5
-background-job-worker-count
8
-gc-helper-count
1
-name
AssetImport
Successfully changed project path to: C:/Users/Mahdi/source/repos/Sanic-ball
C:/Users/Mahdi/source/repos/Sanic-ball
[UnityMemory] Configuration Parameters - Can be set up in boot.config
    "memorysetup-temp-allocator-size-nav-mesh-worker=65536"
    "memorysetup-temp-allocator-size-audio-worker=65536"
    "memorysetup-temp-allocator-size-gfx=262144"
    "memorysetup-allocator-temp-initial-block-size-main=262144"
    "memorysetup-allocator-temp-initial-block-size-worker=262144"
    "memorysetup-temp-allocator-size-background-worker=32768"
    "memorysetup-temp-allocator-size-job-worker=262144"
    "memorysetup-temp-allocator-size-preload-manager=33554432"
    "memorysetup-temp-allocator-size-gi-baking-worker=262144"
    "memorysetup-temp-allocator-size-gi-baking-worker=262144"
    "memorysetup-temp-allocator-size-gi-baking-worker=262144"
    "memorysetup-temp-allocator-size-gi-baking-worker=262144"
    "memorysetup-temp-allocator-size-gi-baking-worker=262144"
    "memorysetup-bucket-allocator-granularity=16"
    "memorysetup-bucket-allocator-bucket-count=8"
    "memorysetup-bucket-allocator-block-size=33554432"
    "memorysetup-bucket-allocator-block-count=8"
    "memorysetup-main-allocator-block-size=16777216"
    "memorysetup-thread-allocator-block-size=16777216"
    "memorysetup-gfx-main-allocator-block-size=16777216"
    "memorysetup-gfx-thread-allocator-block-size=16777216"
    "memorysetup-cache-allocator-block-size=4194304"
    "memorysetup-typetree-allocator-block-size=2097152"
    "memorysetup-profiler-bucket-allocator-granularity=16"
    "memorysetup-profiler-bucket-allocator-bucket-count=8"
    "memorysetup-profiler-bucket-allocator-block-size=33554432"
    "memorysetup-profiler-bucket-allocator-block-count=8"
    "memorysetup-profiler-allocator-block-size=16777216"
    "memorysetup-profiler-editor-allocator-block-size=1048576"
    "memorysetup-temp-allocator-size-main=16777216"
    "memorysetup-job-temp-allocator-block-size=2097152"
    "memorysetup-job-temp-allocator-block-size-background=1048576"
    "memorysetup-job-temp-allocator-reduction-small-platforms=262144"
    "memorysetup-temp-allocator-size-cloud-worker=32768"
Player connection [17480]  Target information:

Player connection [17480]  * "[IP] 192.168.1.178 [Port] 0 [Flags] 2 [Guid] 2626604123 [EditorId] 2626604123 [Version] 1048832 [Id] WindowsEditor(7,MahdisCurcitBoard) [Debug] 1 [PackageName] WindowsEditor [ProjectName] Editor" 

Player connection [17480] Host joined multi-casting on [225.0.0.222:54997]...
Player connection [17480] Host joined alternative multi-casting on [225.0.0.222:34997]...
JobSystem: Creating JobQueue using job-worker-count value 5
Input System module state changed to: Initialized.
[Physics::Module] Initialized fallback backend.
[Physics::Module] Id: 0xdecafbad
Library Redirect Path: Library/
[Physics::Module] Selected backend.
[Physics::Module] Name: PhysX
[Physics::Module] Id: 0xf2b8ea05
[Physics::Module] SDK Version: 4.1.2
[Physics::Module] Integration Version: 1.0.0
[Physics::Module] Threading Mode: Multi-Threaded
Refreshing native plugins compatible for Editor in 0.00 ms, found 0 plugins.
Preloading 0 native plugins for Editor in 0.00 ms.
Initialize engine version: 6000.3.9f1 (7a9955a4f2fa)
[Subsystems] Discovering subsystems at path C:/Program Files/Unity/Hub/Editor/6000.3.9f1/Editor/Data/Resources/UnitySubsystems
[Subsystems] Discovering subsystems at path C:/Users/Mahdi/source/repos/Sanic-ball/Assets
GfxDevice: creating device client; kGfxThreadingModeNonThreaded
Direct3D:
    Version:  Direct3D 11.0 [level 11.1]
    Renderer: AMD Radeon RX 6600 (ID=0x73ff)
    Vendor:   ATI
    VRAM:     8147 MB
    Driver:   32.0.21041.1000
Initialize mono
Mono path[0] = 'C:/Program Files/Unity/Hub/Editor/6000.3.9f1/Editor/Data/Managed'
Mono path[1] = 'C:/Program Files/Unity/Hub/Editor/6000.3.9f1/Editor/Data/MonoBleedingEdge/lib/mono/unityjit-win32'
Mono config path = 'C:/Program Files/Unity/Hub/Editor/6000.3.9f1/Editor/Data/MonoBleedingEdge/etc'
Using monoOptions --debugger-agent=transport=dt_socket,embedding=1,server=y,suspend=n,address=127.0.0.1:56588
Begin MonoManager ReloadAssembly
Registering precompiled unity dll's ...
Register platform support module: C:/Program Files/Unity/Hub/Editor/6000.3.9f1/Editor/Data/PlaybackEngines/WebGLSupport/UnityEditor.WebGL.Extensions.dll
Register platform support module: C:/Program Files/Unity/Hub/Editor/6000.3.9f1/Editor/Data/PlaybackEngines/WindowsStandaloneSupport/UnityEditor.WindowsStandalone.Extensions.dll
[Licensing::Module] Licensing is not yet initialized.
[Licensing::Client] Handshaking with LicensingClient:
  Version:                 1.17.4+4293ba1
  Session Id:              021f629011b1450fbf3b092dda14bdf7
  Correlation Id:          3cd8f565141f49bf4e441bf6bb00ee21
  External correlation Id: 7345919976359056064
  Machine Id:              vS4E38ic1MYhv5YD3rXNQePWmPQ=
[Licensing::Module] Successfully connected to LicensingClient on channel: "LicenseClient-Mahdi" (connect: 0.00s, validation: 0.00s, handshake: 1.15s)
[Licensing::IpcConnector] Successfully connected to: "LicenseClient-Mahdi-notifications" at "2026-02-25T03:01:38.4779545Z"
[Licensing::Module] Licensing Background thread has ended after 1.16s
[Licensing::Module] Licensing is initialized (took 0.56s).
[Licensing::Client] Successfully resolved entitlement details
[Licensing::Module] License group:
  Id: 2475253255278-UnityPersXXXX
  Product: Unity Personal
  Type: Assigned
  Expiration: Unlimited
Register platform support module: C:/Program Files/Unity/Hub/Editor/6000.3.9f1/Editor/Data/PlaybackEngines/AndroidPlayer/UnityEditor.Android.Extensions.dll
Registered in 0.568837 seconds.
- Loaded All Assemblies, in  0.915 seconds
Native extension for Android target not found
Android Extension - Scanning For ADB Devices 288 ms
Native extension for WindowsStandalone target not found
Native extension for WebGL target not found
ScheduleIndexationOnStartup MainProcess:False IndexOnStartup:True
Mono: successfully reloaded assembly
- Finished resetting the current domain, in  0.693 seconds
Domain Reload Profiling: 1604ms
	BeginReloadAssembly (90ms)
		ExecutionOrderSort (0ms)
		DisableScriptedObjects (0ms)
		BackupInstance (0ms)
		ReleaseScriptingObjects (0ms)
		CreateAndSetChildDomain (1ms)
	RebuildCommonClasses (34ms)
	RebuildNativeTypeToScriptingClass (11ms)
	initialDomainReloadingComplete (614ms)
	LoadAllAssembliesAndSetupDomain (162ms)
		LoadAssemblies (86ms)
		RebuildTransferFunctionScriptingTraits (0ms)
		AnalyzeDomain (158ms)
			TypeCache.Refresh (157ms)
				TypeCache.ScanAssembly (145ms)
			BuildScriptInfoCaches (0ms)
			ResolveRequiredComponents (0ms)
	FinalizeReload (693ms)
		ReleaseScriptCaches (0ms)
		RebuildScriptCaches (0ms)
		SetupLoadedEditorAssemblies (661ms)
			LogAssemblyErrors (0ms)
			InitializePlatformSupportModulesInManaged (386ms)
			SetLoadedEditorAssemblies (4ms)
			BeforeProcessingInitializeOnLoad (71ms)
			ProcessInitializeOnLoadAttributes (131ms)
			ProcessInitializeOnLoadMethodAttributes (68ms)
			AfterProcessingInitializeOnLoad (0ms)
			EditorAssembliesLoaded (0ms)
		ExecutionOrderSort2 (0ms)
		AwakeInstancesAfterBackupRestoration (0ms)
========================================================================
Worker process is ready to serve import requests
Import Worker Mode flag is 0x00
Begin MonoManager ReloadAssembly
[Licensing::Client] Successfully resolved entitlement details
- Loaded All Assemblies, in  0.374 seconds
OnLevelWasLoaded was found on MatchManager
This message has been deprecated and will be removed in a later version of Unity.
Add a delegate to SceneManager.sceneLoaded instead to get notifications after scene loading has completed
0x00007ff9c175235e (Unity) StackWalker::ShowCallstack
0x00007ff9c2f86649 (Unity) PlatformStacktrace::GetStacktrace
0x00007ff9c2f86ece (Unity) Stacktrace::GetStacktrace
0x00007ff9c1702dbf (Unity) DebugStringToFile
0x00007ff9c1e76c35 (Unity) PopulateMethods
0x00007ff9c1e6c4fa (Unity) CreateMonoScriptCache
0x00007ff9c1e6ddeb (Unity) FindOrCreateMonoScriptCache
0x00007ff9c1e76ff7 (Unity) MonoScript::RebuildFromAwake
0x00007ff9c1e68041 (Unity) MonoScript::AwakeFromLoad
0x00007ff9c3f74351 (Unity) ScriptFactory::BatchRegisterAndCreateObjects
0x00007ff9c3f783f1 (Unity) ScriptFactory::ProcessCurrentScripts
0x00007ff9c3f705cc (Unity) TransientArtifactCoordinatorWorker::ProcessCurrentScriptAssets
0x00007ff9c3f10b78 (Unity) AssetImportWorkerClient::RegisterTransientArtifacts
0x00007ff9c3f02e51 (Unity) <lambda_ee9ac4533b064b5365ceb7395ab9dcd3>::operator()
0x00007ff9c3f410bf (Unity) asio::detail::completion_handler<core::mutable_function<void __cdecl(void)>,asio::io_context::basic_executor_type<std::allocator<void>,0> >::do_complete
0x00007ff9c3f2e9b1 (Unity) asio::detail::win_iocp_io_context::do_one
0x00007ff9c3f2fb9e (Unity) asio::detail::win_iocp_io_context::run
0x00007ff9c3f3f729 (Unity) IOService::Run
0x00007ff9c3f122ef (Unity) AssetImportWorkerClient::Run
0x00007ff9c3ed64b8 (Unity) RunAssetImportWorkerClientV2
0x00007ff9c3ed652b (Unity) RunAssetImporterV2
0x00007ff9c27b78ff (Unity) Application::InitializeProject
0x00007ff9c25ad003 (Unity) UnityMain
0x00007ff7d2fd2f2a (Unity) __scrt_common_main_seh
0x00007ffab016e8d7 (KERNEL32) BaseThreadInitThunk
0x00007ffab162c40c (ntdll) RtlUserThreadStart

Refreshing native plugins compatible for Editor in 0.00 ms, found 0 plugins.
OnLevelWasLoaded was found on MatchManager
This message has been deprecated and will be removed in a later version of Unity.
Add a delegate to SceneManager.sceneLoaded instead to get notifications after scene loading has completed
0x00007ff9c175235e (Unity) StackWalker::ShowCallstack
0x00007ff9c2f86649 (Unity) PlatformStacktrace::GetStacktrace
0x00007ff9c2f86ece (Unity) Stacktrace::GetStacktrace
0x00007ff9c1702dbf (Unity) DebugStringToFile
0x00007ff9c1e76c35 (Unity) PopulateMethods
0x00007ff9c1e6c4fa (Unity) CreateMonoScriptCache
0x00007ff9c1e6ddeb (Unity) FindOrCreateMonoScriptCache
0x00007ff9c1e776a2 (Unity) MonoScript::Renew
0x00007ff9c1e76d83 (Unity) MonoScript::Rebuild
0x00007ff9c1ea4c54 (Unity) RebuildAllScriptCaches
0x00007ff9c1e9f151 (Unity) MonoManager::FinalizeReload
0x00007ff9c3e37c24 (Unity) ScriptingInitializer::FinalizeReload
0x00007ff9c3f02e56 (Unity) <lambda_ee9ac4533b064b5365ceb7395ab9dcd3>::operator()
0x00007ff9c3f410bf (Unity) asio::detail::completion_handler<core::mutable_function<void __cdecl(void)>,asio::io_context::basic_executor_type<std::allocator<void>,0> >::do_complete
0x00007ff9c3f2e9b1 (Unity) asio::detail::win_iocp_io_context::do_one
0x00007ff9c3f2fb9e (Unity) asio::detail::win_iocp_io_context::run
0x00007ff9c3f3f729 (Unity) IOService::Run
0x00007ff9c3f122ef (Unity) AssetImportWorkerClient::Run
0x00007ff9c3ed64b8 (Unity) RunAssetImportWorkerClientV2
0x00007ff9c3ed652b (Unity) RunAssetImporterV2
0x00007ff9c27b78ff (Unity) Application::InitializeProject
0x00007ff9c25ad003 (Unity) UnityMain
0x00007ff7d2fd2f2a (Unity) __scrt_common_main_seh
0x00007ffab016e8d7 (KERNEL32) BaseThreadInitThunk
0x00007ffab162c40c (ntdll) RtlUserThreadStart

Native extension for Android target not found
Native extension for WindowsStandalone target not found
Native extension for WebGL target not found
ScheduleIndexationOnStartup MainProcess:False IndexOnStartup:True
Mono: successfully reloaded assembly
- Finished resetting the current domain, in  0.363 seconds
Domain Reload Profiling: 732ms
	BeginReloadAssembly (146ms)
		ExecutionOrderSort (0ms)
		DisableScriptedObjects (5ms)
		BackupInstance (0ms)
		ReleaseScriptingObjects (0ms)
		CreateAndSetChildDomain (34ms)
	RebuildCommonClasses (32ms)
	RebuildNativeTypeToScriptingClass (10ms)
	initialDomainReloadingComplete (25ms)
	LoadAllAssembliesAndSetupDomain (154ms)
		LoadAssemblies (185ms)
		RebuildTransferFunctionScriptingTraits (0ms)
		AnalyzeDomain (36ms)
			TypeCache.Refresh (26ms)
				TypeCache.ScanAssembly (18ms)
			BuildScriptInfoCaches (5ms)
			ResolveRequiredComponents (3ms)
	FinalizeReload (363ms)
		ReleaseScriptCaches (0ms)
		RebuildScriptCaches (0ms)
		SetupLoadedEditorAssemblies (257ms)
			LogAssemblyErrors (0ms)
			InitializePlatformSupportModulesInManaged (9ms)
			SetLoadedEditorAssemblies (2ms)
			BeforeProcessingInitializeOnLoad (90ms)
			ProcessInitializeOnLoadAttributes (113ms)
			ProcessInitializeOnLoadMethodAttributes (33ms)
			AfterProcessingInitializeOnLoad (9ms)
			EditorAssembliesLoaded (0ms)
		ExecutionOrderSort2 (0ms)
		AwakeInstancesAfterBackupRestoration (11ms)
Launched and connected shader compiler UnityShaderCompiler.exe after 0.02 seconds
Refreshing native plugins compatible for Editor in 0.00 ms, found 0 plugins.
Preloading 0 native plugins for Editor in 0.00 ms.
Unloading 0 Unused Serialized files (Serialized files now loaded: 0)
Unloading 700 unused Assets / (207.3 KB). Loaded Objects now: 1379.
Memory consumption went from 88.2 MB to 88.0 MB.
Total: 4.802300 ms (FindLiveObjects: 0.108600 ms CreateObjectMapping: 0.040100 ms MarkObjects: 4.427600 ms  DeleteObjects: 0.225200 ms)

========================================================================
Received Import Request.
  Time since last request: 2450.638115 seconds.
  path: Assets/Sound/Music/Ingame/02_Pigcart.ogg
  artifactKey: Guid(ef283d9cd9a1df049aa8104acd1f9467) Importer(815301076,1909f56bfc062723c751e8b465ee728b)
Start importing Assets/Sound/Music/Ingame/02_Pigcart.ogg using Guid(ef283d9cd9a1df049aa8104acd1f9467) Importer(815301076,1909f56bfc062723c751e8b465ee728b) (PreviewImporter) -> (artifact id: 'e1938eb32d5379d5f18c88a521e91333') in 0.1081879 seconds
Number of updated asset objects reloaded before import = 0Number of asset objects unloaded after import = 2

========================================================================
Received Import Request.
  Time since last request: 0.000033 seconds.
  path: Assets/Sound/Sfx/checkpointModern.wav
  artifactKey: Guid(c62a98546a3cbd14ab99f49a02fe104b) Importer(815301076,1909f56bfc062723c751e8b465ee728b)
Start importing Assets/Sound/Sfx/checkpointModern.wav using Guid(c62a98546a3cbd14ab99f49a02fe104b) Importer(815301076,1909f56bfc062723c751e8b465ee728b) (PreviewImporter) -> (artifact id: '4db113328558aba76c6865e1662cbbea') in 0.0055731 seconds
Number of updated asset objects reloaded before import = 0Number of asset objects unloaded after import = 2

========================================================================
Received Import Request.
  Time since last request: 0.000025 seconds.
  path: Assets/Sound/Music/Ogresong.ogg
  artifactKey: Guid(6750ff96a85e2ca43826fc5bff41c982) Importer(815301076,1909f56bfc062723c751e8b465ee728b)
Start importing Assets/Sound/Music/Ogresong.ogg using Guid(6750ff96a85e2ca43826fc5bff41c982) Importer(815301076,1909f56bfc062723c751e8b465ee728b) (PreviewImporter) -> (artifact id: 'e6afe49569effb5c1a8960d5650c63a6') in 0.0053526 seconds
Number of updated asset objects reloaded before import = 0Number of asset objects unloaded after import = 2

========================================================================
Received Import Request.
  Time since last request: 0.000019 seconds.
  path: Assets/Sound/Music/Ingame/09_TootToot.ogg
  artifactKey: Guid(76ab3b513c848a8479975f626779e5f3) Importer(815301076,1909f56bfc062723c751e8b465ee728b)
Start importing Assets/Sound/Music/Ingame/09_TootToot.ogg using Guid(76ab3b513c848a8479975f626779e5f3) Importer(815301076,1909f56bfc062723c751e8b465ee728b) (PreviewImporter) -> (artifact id: '6d5a808528dc24aa7d8b78ef459b3fda') in 0.0063905 seconds
Number of updated asset objects reloaded before import = 0Number of asset objects unloaded after import = 2

========================================================================
Received Import Request.
  Time since last request: 0.000026 seconds.
  path: Assets/Sound/Sfx/jump.mp3
  artifactKey: Guid(f0af43db82807c241a23c2d5c731412a) Importer(815301076,1909f56bfc062723c751e8b465ee728b)
Start importing Assets/Sound/Sfx/jump.mp3 using Guid(f0af43db82807c241a23c2d5c731412a) Importer(815301076,1909f56bfc062723c751e8b465ee728b) (PreviewImporter) -> (artifact id: '159c9640434e9e47720184801553c68d') in 0.0063842 seconds
Number of updated asset objects reloaded before import = 0Number of asset objects unloaded after import = 2

========================================================================
Received Import Request.
  Time since last request: 0.000020 seconds.
  path: Assets/Sound/Music/RaceIntro.ogg
  artifactKey: Guid(5028d6c46723c8b4ca2763d665511a1d) Importer(815301076,1909f56bfc062723c751e8b465ee728b)
Start importing Assets/Sound/Music/RaceIntro.ogg using Guid(5028d6c46723c8b4ca2763d665511a1d) Importer(815301076,1909f56bfc062723c751e8b465ee728b) (PreviewImporter) -> (artifact id: 'e9603c483149b414e51256251c4c8cb4') in 0.0050642 seconds
Number of updated asset objects reloaded before import = 0Number of asset objects unloaded after import = 2

========================================================================
Received Import Request.
  Time since last request: 0.000026 seconds.
  path: Assets/Sound/Music/Ingame/04_StraightAhead.ogg
  artifactKey: Guid(903093182a60b404b8e1c7e1b3683647) Importer(815301076,1909f56bfc062723c751e8b465ee728b)
Start importing Assets/Sound/Music/Ingame/04_StraightAhead.ogg using Guid(903093182a60b404b8e1c7e1b3683647) Importer(815301076,1909f56bfc062723c751e8b465ee728b) (PreviewImporter) -> (artifact id: '64408f9403230b4ebcdc5336f7b9496a') in 0.0057107 seconds
Number of updated asset objects reloaded before import = 0Number of asset objects unloaded after import = 2

========================================================================
Received Import Request.
  Time since last request: 0.000021 seconds.
  path: Assets/Sound/Sfx/rolling.wav
  artifactKey: Guid(8b93e1e51502d7d4f8158b9abef14ad8) Importer(815301076,1909f56bfc062723c751e8b465ee728b)
Start importing Assets/Sound/Sfx/rolling.wav using Guid(8b93e1e51502d7d4f8158b9abef14ad8) Importer(815301076,1909f56bfc062723c751e8b465ee728b) (PreviewImporter) -> (artifact id: '8d7d0995a1b5ebc5b02e0220b2d9a34d') in 0.0059893 seconds
Number of updated asset objects reloaded before import = 0Number of asset objects unloaded after import = 2

========================================================================
Received Import Request.
  Time since last request: 0.000026 seconds.
  path: Assets/Sound/Sfx/speedboost.wav
  artifactKey: Guid(97f74ee61962a04469775af639cee941) Importer(815301076,1909f56bfc062723c751e8b465ee728b)
Start importing Assets/Sound/Sfx/speedboost.wav using Guid(97f74ee61962a04469775af639cee941) Importer(815301076,1909f56bfc062723c751e8b465ee728b) (PreviewImporter) -> (artifact id: 'dd8efaa582b548f650075ccc8a564d83') in 0.0057184 seconds
Number of updated asset objects reloaded before import = 0Number of asset objects unloaded after import = 2

========================================================================
Received Import Request.
  Time since last request: 0.000015 seconds.
  path: Assets/Sound/Music/Bangarang.ogg
  artifactKey: Guid(65eed12773deb844185037ac6ee1ebff) Importer(815301076,1909f56bfc062723c751e8b465ee728b)
Start importing Assets/Sound/Music/Bangarang.ogg using Guid(65eed12773deb844185037ac6ee1ebff) Importer(815301076,1909f56bfc062723c751e8b465ee728b) (PreviewImporter) -> (artifact id: 'aa24191f5521f30338e03e12901dbd55') in 0.0055757 seconds
Number of updated asset objects reloaded before import = 0Number of asset objects unloaded after import = 2

========================================================================
Received Import Request.
  Time since last request: 0.000025 seconds.
  path: Assets/Sound/Sfx/speednoise.wav
  artifactKey: Guid(8131e635251a08c4dac9d7484568e666) Importer(815301076,1909f56bfc062723c751e8b465ee728b)
Start importing Assets/Sound/Sfx/speednoise.wav using Guid(8131e635251a08c4dac9d7484568e666) Importer(815301076,1909f56bfc062723c751e8b465ee728b) (PreviewImporter) -> (artifact id: '79b55e4089f528175c2220dbbc2a0cb0') in 0.0056381 seconds
Number of updated asset objects reloaded before import = 0Number of asset objects unloaded after import = 2

========================================================================
Received Import Request.
  Time since last request: 0.000024 seconds.
  path: Assets/Sound/Music/Ingame/05_FeelTheSunshine.ogg
  artifactKey: Guid(2f11158510addae4e9aa863d642470c6) Importer(815301076,1909f56bfc062723c751e8b465ee728b)
Start importing Assets/Sound/Music/Ingame/05_FeelTheSunshine.ogg using Guid(2f11158510addae4e9aa863d642470c6) Importer(815301076,1909f56bfc062723c751e8b465ee728b) (PreviewImporter) -> (artifact id: 'be23a224a229270ff132cea8f318f608') in 0.0055347 seconds
Number of updated asset objects reloaded before import = 0Number of asset objects unloaded after import = 2

========================================================================
Received Import Request.
  Time since last request: 0.000018 seconds.
  path: Assets/Sound/Music/ChariotsOfFire.ogg
  artifactKey: Guid(8efd343ca38873e45b0ec1557b18daa2) Importer(815301076,1909f56bfc062723c751e8b465ee728b)
Start importing Assets/Sound/Music/ChariotsOfFire.ogg using Guid(8efd343ca38873e45b0ec1557b18daa2) Importer(815301076,1909f56bfc062723c751e8b465ee728b) (PreviewImporter) -> (artifact id: 'd14d4e5554049b0a25ef35bb71da8965') in 0.0053307 seconds
Number of updated asset objects reloaded before import = 0Number of asset objects unloaded after import = 2

========================================================================
Received Import Request.
  Time since last request: 0.000019 seconds.
  path: Assets/Sound/Music/Lobby/IceCapZone.ogg
  artifactKey: Guid(7f2770e7ea82ef14693d78b061015501) Importer(815301076,1909f56bfc062723c751e8b465ee728b)
Start importing Assets/Sound/Music/Lobby/IceCapZone.ogg using Guid(7f2770e7ea82ef14693d78b061015501) Importer(815301076,1909f56bfc062723c751e8b465ee728b) (PreviewImporter) -> (artifact id: 'f4ee9b4fe988349be8431c6cec06b821') in 0.0052283 seconds
Number of updated asset objects reloaded before import = 0Number of asset objects unloaded after import = 2

========================================================================
Received Import Request.
  Time since last request: 0.000016 seconds.
  path: Assets/Sound/Music/Lobby/SpringYardZone.ogg
  artifactKey: Guid(e42812df16935b340ba9a9a0df7dcde0) Importer(815301076,1909f56bfc062723c751e8b465ee728b)
Start importing Assets/Sound/Music/Lobby/SpringYardZone.ogg using Guid(e42812df16935b340ba9a9a0df7dcde0) Importer(815301076,1909f56bfc062723c751e8b465ee728b) (PreviewImporter) -> (artifact id: 'cff3c9c3efbb9f45e19f174c93972a7e') in 0.0054986 seconds
Number of updated asset objects reloaded before import = 0Number of asset objects unloaded after import = 2

========================================================================
Received Import Request.
  Time since last request: 0.000017 seconds.
  path: Assets/Sound/Music/Lobby/MysticCaveZone.ogg
  artifactKey: Guid(cb4f570cf0c413445891e50c1a179f98) Importer(815301076,1909f56bfc062723c751e8b465ee728b)
Start importing Assets/Sound/Music/Lobby/MysticCaveZone.ogg using Guid(cb4f570cf0c413445891e50c1a179f98) Importer(815301076,1909f56bfc062723c751e8b465ee728b) (PreviewImporter) -> (artifact id: '46d8881558b01a48e4a364bb99b7bb14') in 0.0053578 seconds
Number of updated asset objects reloaded before import = 0Number of asset objects unloaded after import = 2

========================================================================
Received Prepare
Refreshing native plugins compatible for Editor in 0.00 ms, found 0 plugins.
Preloading 0 native plugins for Editor in 0.00 ms.
Unloading 0 Unused Serialized files (Serialized files now loaded: 0)
Unloading 0 unused Assets / (0 B). Loaded Objects now: 1391.
Memory consumption went from 89.9 MB to 89.9 MB.
Total: 4.988000 ms (FindLiveObjects: 0.089400 ms CreateObjectMapping: 0.021800 ms MarkObjects: 4.871000 ms  DeleteObjects: 0.004600 ms)

Prepare: number of updated asset objects reloaded= 0
========================================================================
Received Prepare
Refreshing native plugins compatible for Editor in 0.00 ms, found 0 plugins.
Preloading 0 native plugins for Editor in 0.00 ms.
Unloading 0 Unused Serialized files (Serialized files now loaded: 0)
Unloading 0 unused Assets / (0 B). Loaded Objects now: 1391.
Memory consumption went from 89.9 MB to 89.9 MB.
Total: 5.380600 ms (FindLiveObjects: 0.083700 ms CreateObjectMapping: 0.020100 ms MarkObjects: 5.271700 ms  DeleteObjects: 0.004300 ms)

Prepare: number of updated asset objects reloaded= 0
AssetImportParameters requested are different than current active one (requested -> active):
0x00007ff9c175235e (Unity) StackWalker::ShowCallstack
0x00007ff9c2f86649 (Unity) PlatformStacktrace::GetStacktrace
0x00007ff9c2f86ece (Unity) Stacktrace::GetStacktrace
0x00007ff9c1702dbf (Unity) DebugStringToFile
0x00007ff9c3f1494e (Unity) VerifyAssetImportParametersConsistency
0x00007ff9c3f00d5b (Unity) <lambda_5452ac5a9fee84d9980558ea7cd976b2>::operator()
0x00007ff9c3f410bf (Unity) asio::detail::completion_handler<core::mutable_function<void __cdecl(void)>,asio::io_context::basic_executor_type<std::allocator<void>,0> >::do_complete
0x00007ff9c3f2e9b1 (Unity) asio::detail::win_iocp_io_context::do_one
0x00007ff9c3f2fbd4 (Unity) asio::detail::win_iocp_io_context::run
0x00007ff9c3f3f729 (Unity) IOService::Run
0x00007ff9c3f122ef (Unity) AssetImportWorkerClient::Run
0x00007ff9c3ed64b8 (Unity) RunAssetImportWorkerClientV2
0x00007ff9c3ed652b (Unity) RunAssetImporterV2
0x00007ff9c27b78ff (Unity) Application::InitializeProject
0x00007ff9c25ad003 (Unity) UnityMain
0x00007ff7d2fd2f2a (Unity) __scrt_common_main_seh
0x00007ffab016e8d7 (KERNEL32) BaseThreadInitThunk
0x00007ffab162c40c (ntdll) RtlUserThreadStart

  buildTarget: platform 20, subtarget 3, extendedPlatform 0 -> platform 20, subtarget 0, extendedPlatform 0
0x00007ff9c175235e (Unity) StackWalker::ShowCallstack
0x00007ff9c2f86649 (Unity) PlatformStacktrace::GetStacktrace
0x00007ff9c2f86ece (Unity) Stacktrace::GetStacktrace
0x00007ff9c1702dbf (Unity) DebugStringToFile
0x00007ff9c3f14a23 (Unity) VerifyAssetImportParametersConsistency
0x00007ff9c3f00d5b (Unity) <lambda_5452ac5a9fee84d9980558ea7cd976b2>::operator()
0x00007ff9c3f410bf (Unity) asio::detail::completion_handler<core::mutable_function<void __cdecl(void)>,asio::io_context::basic_executor_type<std::allocator<void>,0> >::do_complete
0x00007ff9c3f2e9b1 (Unity) asio::detail::win_iocp_io_context::do_one
0x00007ff9c3f2fbd4 (Unity) asio::detail::win_iocp_io_context::run
0x00007ff9c3f3f729 (Unity) IOService::Run
0x00007ff9c3f122ef (Unity) AssetImportWorkerClient::Run
0x00007ff9c3ed64b8 (Unity) RunAssetImportWorkerClientV2
0x00007ff9c3ed652b (Unity) RunAssetImporterV2
0x00007ff9c27b78ff (Unity) Application::InitializeProject
0x00007ff9c25ad003 (Unity) UnityMain
0x00007ff7d2fd2f2a (Unity) __scrt_common_main_seh
0x00007ffab016e8d7 (KERNEL32) BaseThreadInitThunk
0x00007ffab162c40c (ntdll) RtlUserThreadStart

========================================================================
Received Import Request.
  Time since last request: 444.277608 seconds.
  path: Assets/Sound/Music/Ingame/02_Pigcart.ogg
  artifactKey: Guid(ef283d9cd9a1df049aa8104acd1f9467) Importer(815301076,1909f56bfc062723c751e8b465ee728b)
Start importing Assets/Sound/Music/Ingame/02_Pigcart.ogg using Guid(ef283d9cd9a1df049aa8104acd1f9467) Importer(815301076,1909f56bfc062723c751e8b465ee728b) (PreviewImporter) -> (artifact id: '771fb74bfa546cd2629df604b87cbde0') in 0.005722 seconds
Number of updated asset objects reloaded before import = 0Number of asset objects unloaded after import = 2

========================================================================
Received Import Request.
  Time since last request: 0.010847 seconds.
  path: Assets/Sound/Music/Ingame/03_CityEscapin.ogg
  artifactKey: Guid(f06d9b26bb25af2419c9fac3323bf81d) Importer(815301076,1909f56bfc062723c751e8b465ee728b)
Start importing Assets/Sound/Music/Ingame/03_CityEscapin.ogg using Guid(f06d9b26bb25af2419c9fac3323bf81d) Importer(815301076,1909f56bfc062723c751e8b465ee728b) (PreviewImporter) -> (artifact id: '7051534e5a1c04aff8a483279d43aa71') in 0.0058534 seconds
Number of updated asset objects reloaded before import = 0Number of asset objects unloaded after import = 2

========================================================================
Received Import Request.
  Time since last request: 0.000016 seconds.
  path: Assets/Sound/Music/Lobby/AquaticRuinZone.ogg
  artifactKey: Guid(173d592ce2ab56f49be90910083bd725) Importer(815301076,1909f56bfc062723c751e8b465ee728b)
Start importing Assets/Sound/Music/Lobby/AquaticRuinZone.ogg using Guid(173d592ce2ab56f49be90910083bd725) Importer(815301076,1909f56bfc062723c751e8b465ee728b) (PreviewImporter) -> (artifact id: '691389c3763875956f0f216aaa524307') in 0.0062984 seconds
Number of updated asset objects reloaded before import = 0Number of asset objects unloaded after import = 2

========================================================================
Received Import Request.
  Time since last request: 0.000051 seconds.
  path: Assets/Unused/Sound/bounce.wav
  artifactKey: Guid(c7f078aea74dfd44f8aae20e4929246d) Importer(815301076,1909f56bfc062723c751e8b465ee728b)
Start importing Assets/Unused/Sound/bounce.wav using Guid(c7f078aea74dfd44f8aae20e4929246d) Importer(815301076,1909f56bfc062723c751e8b465ee728b) (PreviewImporter) -> (artifact id: '40e104f5b2f30a17b9865c2cde146137') in 0.0057668 seconds
Number of updated asset objects reloaded before import = 0Number of asset objects unloaded after import = 2

========================================================================
Received Import Request.
  Time since last request: 0.000023 seconds.
  path: Assets/Sound/Music/Lobby/CasinoNightZone.ogg
  artifactKey: Guid(5a4737711b0ac8047a0735eb39038dfe) Importer(815301076,1909f56bfc062723c751e8b465ee728b)
Start importing Assets/Sound/Music/Lobby/CasinoNightZone.ogg using Guid(5a4737711b0ac8047a0735eb39038dfe) Importer(815301076,1909f56bfc062723c751e8b465ee728b) (PreviewImporter) -> (artifact id: 'feb09f3c6e99e3a921f02e42b9e81058') in 0.0074535 seconds
Number of updated asset objects reloaded before import = 0Number of asset objects unloaded after import = 2

========================================================================
Received Import Request.
  Time since last request: 0.000028 seconds.
  path: Assets/Sound/Music/OldLobbyMusic.ogg
  artifactKey: Guid(9e8e4269d469b024f9e875086c8e4cfd) Importer(815301076,1909f56bfc062723c751e8b465ee728b)
Start importing Assets/Sound/Music/OldLobbyMusic.ogg using Guid(9e8e4269d469b024f9e875086c8e4cfd) Importer(815301076,1909f56bfc062723c751e8b465ee728b) (PreviewImporter) -> (artifact id: '332d1daa07e46f1ba2ce9eff2a617156') in 0.0049962 seconds
Number of updated asset objects reloaded before import = 0Number of asset objects unloaded after import = 2

========================================================================
Received Import Request.
  Time since last request: 0.000019 seconds.
  path: Assets/Sound/Music/Dread.ogg
  artifactKey: Guid(4b762afc59ab67f46a8a8b2b5517bd27) Importer(815301076,1909f56bfc062723c751e8b465ee728b)
Start importing Assets/Sound/Music/Dread.ogg using Guid(4b762afc59ab67f46a8a8b2b5517bd27) Importer(815301076,1909f56bfc062723c751e8b465ee728b) (PreviewImporter) -> (artifact id: '3f691d6dde7d50b818a5ebde2e491250') in 0.0049483 seconds
Number of updated asset objects reloaded before import = 0Number of asset objects unloaded after import = 2

========================================================================
Received Import Request.
  Time since last request: 0.000017 seconds.
  path: Assets/Sound/Music/Lobby/GreenHillZone.ogg
  artifactKey: Guid(65bc1dc0818c22b4e8857068055157b3) Importer(815301076,1909f56bfc062723c751e8b465ee728b)
Start importing Assets/Sound/Music/Lobby/GreenHillZone.ogg using Guid(65bc1dc0818c22b4e8857068055157b3) Importer(815301076,1909f56bfc062723c751e8b465ee728b) (PreviewImporter) -> (artifact id: '17882150e622e7cfe9535fd2b2788acd') in 0.0059807 seconds
Number of updated asset objects reloaded before import = 0Number of asset objects unloaded after import = 2

========================================================================
Received Import Request.
  Time since last request: 0.000019 seconds.
  path: Assets/Sound/Sfx/checkpoint.mp3
  artifactKey: Guid(0c031ed40c4a2ef42bd63ebdd6bc273f) Importer(815301076,1909f56bfc062723c751e8b465ee728b)
Start importing Assets/Sound/Sfx/checkpoint.mp3 using Guid(0c031ed40c4a2ef42bd63ebdd6bc273f) Importer(815301076,1909f56bfc062723c751e8b465ee728b) (PreviewImporter) -> (artifact id: '6987115a1bd84bcc4cee228cede92b74') in 0.0062846 seconds
Number of updated asset objects reloaded before import = 0Number of asset objects unloaded after import = 2

========================================================================
Received Import Request.
  Time since last request: 0.000025 seconds.
  path: Assets/Sound/Sfx/countdown1.wav
  artifactKey: Guid(bfe04f2f48be9344cbc9d35af6f2837b) Importer(815301076,1909f56bfc062723c751e8b465ee728b)
Start importing Assets/Sound/Sfx/countdown1.wav using Guid(bfe04f2f48be9344cbc9d35af6f2837b) Importer(815301076,1909f56bfc062723c751e8b465ee728b) (PreviewImporter) -> (artifact id: '919317edea2023775d01455602b17df0') in 0.0048307 seconds
Number of updated asset objects reloaded before import = 0Number of asset objects unloaded after import = 2

========================================================================
Received Import Request.
  Time since last request: 0.000022 seconds.
  path: Assets/Sound/Music/Lobby/ChemicalPlantZone.ogg
  artifactKey: Guid(3e7d5cd11d4170a48bbd2ded072e87f8) Importer(815301076,1909f56bfc062723c751e8b465ee728b)
Start importing Assets/Sound/Music/Lobby/ChemicalPlantZone.ogg using Guid(3e7d5cd11d4170a48bbd2ded072e87f8) Importer(815301076,1909f56bfc062723c751e8b465ee728b) (PreviewImporter) -> (artifact id: '9ac9092764c520c38d93e707563ef39b') in 0.0047512 seconds
Number of updated asset objects reloaded before import = 0Number of asset objects unloaded after import = 2

========================================================================
Received Import Request.
  Time since last request: 0.000039 seconds.
  path: Assets/Sound/Music/Ingame/14_SpaceCity.ogg
  artifactKey: Guid(22208ce0732d0284cbb8dd1506ea252f) Importer(815301076,1909f56bfc062723c751e8b465ee728b)
Start importing Assets/Sound/Music/Ingame/14_SpaceCity.ogg using Guid(22208ce0732d0284cbb8dd1506ea252f) Importer(815301076,1909f56bfc062723c751e8b465ee728b) (PreviewImporter) -> (artifact id: 'fd522a31c09d12ee11484e87f26d4f0b') in 0.0055817 seconds
Number of updated asset objects reloaded before import = 0Number of asset objects unloaded after import = 2

========================================================================
Received Import Request.
  Time since last request: 0.000023 seconds.
  path: Assets/Sound/Music/Ingame/06_GtgFast.ogg
  artifactKey: Guid(b445743520587ac4d94a171cc16853db) Importer(815301076,1909f56bfc062723c751e8b465ee728b)
Start importing Assets/Sound/Music/Ingame/06_GtgFast.ogg using Guid(b445743520587ac4d94a171cc16853db) Importer(815301076,1909f56bfc062723c751e8b465ee728b) (PreviewImporter) -> (artifact id: '2866534cdf6fb70cb1deea7a9c31c166') in 0.0050175 seconds
Number of updated asset objects reloaded before import = 0Number of asset objects unloaded after import = 2

========================================================================
Received Import Request.
  Time since last request: 0.000015 seconds.
  path: Assets/Sound/Music/Ingame/08_RollingStart.ogg
  artifactKey: Guid(d23cf9326a1ddb14ebd6b635fa272c81) Importer(815301076,1909f56bfc062723c751e8b465ee728b)
Start importing Assets/Sound/Music/Ingame/08_RollingStart.ogg using Guid(d23cf9326a1ddb14ebd6b635fa272c81) Importer(815301076,1909f56bfc062723c751e8b465ee728b) (PreviewImporter) -> (artifact id: '6dc5eca843beb351c3e90ec34adad979') in 0.0050637 seconds
Number of updated asset objects reloaded before import = 0Number of asset objects unloaded after import = 2

========================================================================
Received Import Request.
  Time since last request: 0.000019 seconds.
  path: Assets/Sound/Sfx/checkpointModern.wav
  artifactKey: Guid(c62a98546a3cbd14ab99f49a02fe104b) Importer(815301076,1909f56bfc062723c751e8b465ee728b)
Start importing Assets/Sound/Sfx/checkpointModern.wav using Guid(c62a98546a3cbd14ab99f49a02fe104b) Importer(815301076,1909f56bfc062723c751e8b465ee728b) (PreviewImporter) -> (artifact id: 'e6b5a89ba35874dd50505a69617c51ab') in 0.0054287 seconds
Number of updated asset objects reloaded before import = 0Number of asset objects unloaded after import = 2

========================================================================
Received Import Request.
  Time since last request: 0.000020 seconds.
  path: Assets/Sound/Music/Ogresong.ogg
  artifactKey: Guid(6750ff96a85e2ca43826fc5bff41c982) Importer(815301076,1909f56bfc062723c751e8b465ee728b)
Start importing Assets/Sound/Music/Ogresong.ogg using Guid(6750ff96a85e2ca43826fc5bff41c982) Importer(815301076,1909f56bfc062723c751e8b465ee728b) (PreviewImporter) -> (artifact id: 'ff8c5168290e26d68ad7285cc84acf8f') in 0.0061042 seconds
Number of updated asset objects reloaded before import = 0Number of asset objects unloaded after import = 2

========================================================================
Received Import Request.
  Time since last request: 0.000017 seconds.
  path: Assets/Sound/Music/Ingame/09_TootToot.ogg
  artifactKey: Guid(76ab3b513c848a8479975f626779e5f3) Importer(815301076,1909f56bfc062723c751e8b465ee728b)
Start importing Assets/Sound/Music/Ingame/09_TootToot.ogg using Guid(76ab3b513c848a8479975f626779e5f3) Importer(815301076,1909f56bfc062723c751e8b465ee728b) (PreviewImporter) -> (artifact id: '17cbf5eb922911568c31595fa36893dd') in 0.0049472 seconds
Number of updated asset objects reloaded before import = 0Number of asset objects unloaded after import = 2

========================================================================
Received Import Request.
  Time since last request: 0.000023 seconds.
  path: Assets/Sound/Sfx/waterfall.wav
  artifactKey: Guid(05ae748c5e4d4b4469ad3f30bde1edad) Importer(815301076,1909f56bfc062723c751e8b465ee728b)
Start importing Assets/Sound/Sfx/waterfall.wav using Guid(05ae748c5e4d4b4469ad3f30bde1edad) Importer(815301076,1909f56bfc062723c751e8b465ee728b) (PreviewImporter) -> (artifact id: '74791709327664c279df0c69407c7d89') in 0.0044934 seconds
Number of updated asset objects reloaded before import = 0Number of asset objects unloaded after import = 2

========================================================================
Received Import Request.
  Time since last request: 0.000035 seconds.
  path: Assets/Sound/Music/RaceIntro.ogg
  artifactKey: Guid(5028d6c46723c8b4ca2763d665511a1d) Importer(815301076,1909f56bfc062723c751e8b465ee728b)
Start importing Assets/Sound/Music/RaceIntro.ogg using Guid(5028d6c46723c8b4ca2763d665511a1d) Importer(815301076,1909f56bfc062723c751e8b465ee728b) (PreviewImporter) -> (artifact id: 'cbdaca7f2b443b15df377dda2f59e6bb') in 0.0051412 seconds
Number of updated asset objects reloaded before import = 0Number of asset objects unloaded after import = 2

========================================================================
Received Import Request.
  Time since last request: 0.000024 seconds.
  path: Assets/Sound/Music/Ingame/04_StraightAhead.ogg
  artifactKey: Guid(903093182a60b404b8e1c7e1b3683647) Importer(815301076,1909f56bfc062723c751e8b465ee728b)
Start importing Assets/Sound/Music/Ingame/04_StraightAhead.ogg using Guid(903093182a60b404b8e1c7e1b3683647) Importer(815301076,1909f56bfc062723c751e8b465ee728b) (PreviewImporter) -> (artifact id: '0b765d4c5d9cefae0891d978986bcd07') in 0.0060351 seconds
Number of updated asset objects reloaded before import = 0Number of asset objects unloaded after import = 2

========================================================================
Received Import Request.
  Time since last request: 0.000057 seconds.
  path: Assets/Sound/Sfx/rolling.wav
  artifactKey: Guid(8b93e1e51502d7d4f8158b9abef14ad8) Importer(815301076,1909f56bfc062723c751e8b465ee728b)
Start importing Assets/Sound/Sfx/rolling.wav using Guid(8b93e1e51502d7d4f8158b9abef14ad8) Importer(815301076,1909f56bfc062723c751e8b465ee728b) (PreviewImporter) -> (artifact id: '5859b0d9249b5166954baf89c81ad1c7') in 0.0054378 seconds
Number of updated asset objects reloaded before import = 0Number of asset objects unloaded after import = 2

========================================================================
Received Import Request.
  Time since last request: 0.000042 seconds.
  path: Assets/Sound/Sfx/wind.ogg
  artifactKey: Guid(6864b642d4c0f5b4283f26612c74aaef) Importer(815301076,1909f56bfc062723c751e8b465ee728b)
Start importing Assets/Sound/Sfx/wind.ogg using Guid(6864b642d4c0f5b4283f26612c74aaef) Importer(815301076,1909f56bfc062723c751e8b465ee728b) (PreviewImporter) -> (artifact id: '461b0dc1cfe46fca2d78c41339a07312') in 0.0057882 seconds
Number of updated asset objects reloaded before import = 0Number of asset objects unloaded after import = 2

========================================================================
Received Import Request.
  Time since last request: 0.000018 seconds.
  path: Assets/Sound/Music/Lobby/EmeraldHillZone.ogg
  artifactKey: Guid(52bbf6a55aef5ad46b4401df9a4c3aee) Importer(815301076,1909f56bfc062723c751e8b465ee728b)
Start importing Assets/Sound/Music/Lobby/EmeraldHillZone.ogg using Guid(52bbf6a55aef5ad46b4401df9a4c3aee) Importer(815301076,1909f56bfc062723c751e8b465ee728b) (PreviewImporter) -> (artifact id: 'ad94cc4ec6422eb9d8c0c2aad4855ae3') in 0.0057847 seconds
Number of updated asset objects reloaded before import = 0Number of asset objects unloaded after import = 2

========================================================================
Received Import Request.
  Time since last request: 0.000016 seconds.
  path: Assets/Sound/Sfx/speednoise.wav
  artifactKey: Guid(8131e635251a08c4dac9d7484568e666) Importer(815301076,1909f56bfc062723c751e8b465ee728b)
Start importing Assets/Sound/Sfx/speednoise.wav using Guid(8131e635251a08c4dac9d7484568e666) Importer(815301076,1909f56bfc062723c751e8b465ee728b) (PreviewImporter) -> (artifact id: '09b21cc8d3f4e7f220c28de7b02ce8db') in 0.0053923 seconds
Number of updated asset objects reloaded before import = 0Number of asset objects unloaded after import = 2

========================================================================
Received Import Request.
  Time since last request: 0.000020 seconds.
  path: Assets/Sound/Music/Ingame/12_Guile.ogg
  artifactKey: Guid(d1716965cd9df0147baf075f821843a1) Importer(815301076,1909f56bfc062723c751e8b465ee728b)
Start importing Assets/Sound/Music/Ingame/12_Guile.ogg using Guid(d1716965cd9df0147baf075f821843a1) Importer(815301076,1909f56bfc062723c751e8b465ee728b) (PreviewImporter) -> (artifact id: '7db22587c032bc47a171ab33ad58713a') in 0.0057401 seconds
Number of updated asset objects reloaded before import = 0Number of asset objects unloaded after import = 2

========================================================================
Received Import Request.
  Time since last request: 0.000019 seconds.
  path: Assets/Sound/Music/ChariotsOfFire.ogg
  artifactKey: Guid(8efd343ca38873e45b0ec1557b18daa2) Importer(815301076,1909f56bfc062723c751e8b465ee728b)
Start importing Assets/Sound/Music/ChariotsOfFire.ogg using Guid(8efd343ca38873e45b0ec1557b18daa2) Importer(815301076,1909f56bfc062723c751e8b465ee728b) (PreviewImporter) -> (artifact id: '422aa2aa212d0fc6baf022d37962e5e6') in 0.0051313 seconds
Number of updated asset objects reloaded before import = 0Number of asset objects unloaded after import = 2

========================================================================
Received Import Request.
  Time since last request: 0.000016 seconds.
  path: Assets/Sound/Music/Lobby/IceCapZone.ogg
  artifactKey: Guid(7f2770e7ea82ef14693d78b061015501) Importer(815301076,1909f56bfc062723c751e8b465ee728b)
Start importing Assets/Sound/Music/Lobby/IceCapZone.ogg using Guid(7f2770e7ea82ef14693d78b061015501) Importer(815301076,1909f56bfc062723c751e8b465ee728b) (PreviewImporter) -> (artifact id: 'e933afb196933cc4ec9b709a2477c3e4') in 0.0049378 seconds
Number of updated asset objects reloaded before import = 0Number of asset objects unloaded after import = 2

========================================================================
Received Import Request.
  Time since last request: 0.000013 seconds.
  path: Assets/Sound/Music/Lobby/SpringYardZone.ogg
  artifactKey: Guid(e42812df16935b340ba9a9a0df7dcde0) Importer(815301076,1909f56bfc062723c751e8b465ee728b)
Start importing Assets/Sound/Music/Lobby/SpringYardZone.ogg using Guid(e42812df16935b340ba9a9a0df7dcde0) Importer(815301076,1909f56bfc062723c751e8b465ee728b) (PreviewImporter) -> (artifact id: 'dcbac70e078bb6ee197b191070037f66') in 0.0053235 seconds
Number of updated asset objects reloaded before import = 0Number of asset objects unloaded after import = 2

========================================================================
Received Import Request.
  Time since last request: 0.000019 seconds.
  path: Assets/Sound/Music/Ingame/15_DejaVu.ogg
  artifactKey: Guid(8e6a1b8eeb5643741871ab2b85cdef38) Importer(815301076,1909f56bfc062723c751e8b465ee728b)
Start importing Assets/Sound/Music/Ingame/15_DejaVu.ogg using Guid(8e6a1b8eeb5643741871ab2b85cdef38) Importer(815301076,1909f56bfc062723c751e8b465ee728b) (PreviewImporter) -> (artifact id: '1b9670d8ba128459cc521f9b1b7fe300') in 0.0062548 seconds
Number of updated asset objects reloaded before import = 0Number of asset objects unloaded after import = 2

