[Licensing::Module] Trying to connect to existing licensing client channel...
Built from '6000.3/staging' branch; Version is '6000.3.9f1 (7a9955a4f2fa) revision 8034645'; Using compiler version '194234433'; Build Type 'Release'
OS: 'Windows 11  (10.0.26200) Professional' Language: 'en' Physical Memory: 32635 MB
[Licensing::IpcConnector] Successfully connected to: "LicenseClient-Mahdi" at "2026-02-25T03:11:27.2535697Z"
BatchMode: 1, IsHumanControllingUs: 0, StartBugReporterOnCrash: 0, Is64bit: 1
System  architecture: x64
Process architecture: x64
Date: 2026-02-25T03:11:27Z

COMMAND LINE ARGUMENTS:
C:\Program Files\Unity\Hub\Editor\6000.3.9f1\Editor\Unity.exe
-adb2
-batchMode
-noUpm
-name
AssetImportWorker7
-projectPath
C:/Users/Mahdi/source/repos/Sanic-ball
-logFile
Logs/AssetImportWorker7.log
-srvPort
60304
-licensingIpc
LicenseClient-Mahdi
-job-worker-count
5
-background-job-worker-count
8
-gc-helper-count
1
-name
AssetImport
Successfully changed project path to: C:/Users/Mahdi/source/repos/Sanic-ball
C:/Users/Mahdi/source/repos/Sanic-ball
[UnityMemory] Configuration Parameters - Can be set up in boot.config
    "memorysetup-temp-allocator-size-nav-mesh-worker=65536"
    "memorysetup-temp-allocator-size-audio-worker=65536"
    "memorysetup-temp-allocator-size-gfx=262144"
    "memorysetup-allocator-temp-initial-block-size-main=262144"
    "memorysetup-allocator-temp-initial-block-size-worker=262144"
    "memorysetup-temp-allocator-size-background-worker=32768"
    "memorysetup-temp-allocator-size-job-worker=262144"
    "memorysetup-temp-allocator-size-preload-manager=33554432"
    "memorysetup-temp-allocator-size-gi-baking-worker=262144"
    "memorysetup-temp-allocator-size-gi-baking-worker=262144"
    "memorysetup-temp-allocator-size-gi-baking-worker=262144"
    "memorysetup-temp-allocator-size-gi-baking-worker=262144"
    "memorysetup-temp-allocator-size-gi-baking-worker=262144"
    "memorysetup-bucket-allocator-granularity=16"
    "memorysetup-bucket-allocator-bucket-count=8"
    "memorysetup-bucket-allocator-block-size=33554432"
    "memorysetup-bucket-allocator-block-count=8"
    "memorysetup-main-allocator-block-size=16777216"
    "memorysetup-thread-allocator-block-size=16777216"
    "memorysetup-gfx-main-allocator-block-size=16777216"
    "memorysetup-gfx-thread-allocator-block-size=16777216"
    "memorysetup-cache-allocator-block-size=4194304"
    "memorysetup-typetree-allocator-block-size=2097152"
    "memorysetup-profiler-bucket-allocator-granularity=16"
    "memorysetup-profiler-bucket-allocator-bucket-count=8"
    "memorysetup-profiler-bucket-allocator-block-size=33554432"
    "memorysetup-profiler-bucket-allocator-block-count=8"
    "memorysetup-profiler-allocator-block-size=16777216"
    "memorysetup-profiler-editor-allocator-block-size=1048576"
    "memorysetup-temp-allocator-size-main=16777216"
    "memorysetup-job-temp-allocator-block-size=2097152"
    "memorysetup-job-temp-allocator-block-size-background=1048576"
    "memorysetup-job-temp-allocator-reduction-small-platforms=262144"
    "memorysetup-temp-allocator-size-cloud-worker=32768"
Player connection [8976]  Target information:

Player connection [8976]  * "[IP] 192.168.1.178 [Port] 0 [Flags] 2 [Guid] 1229138017 [EditorId] 1229138017 [Version] 1048832 [Id] WindowsEditor(7,MahdisCurcitBoard) [Debug] 1 [PackageName] WindowsEditor [ProjectName] Editor" 

Player connection [8976] Host joined multi-casting on [225.0.0.222:54997]...
Player connection [8976] Host joined alternative multi-casting on [225.0.0.222:34997]...
JobSystem: Creating JobQueue using job-worker-count value 5
Input System module state changed to: Initialized.
[Physics::Module] Initialized fallback backend.
[Physics::Module] Id: 0xdecafbad
Library Redirect Path: Library/
[Physics::Module] Selected backend.
[Physics::Module] Name: PhysX
[Physics::Module] Id: 0xf2b8ea05
[Physics::Module] SDK Version: 4.1.2
[Physics::Module] Integration Version: 1.0.0
[Physics::Module] Threading Mode: Multi-Threaded
Refreshing native plugins compatible for Editor in 0.00 ms, found 0 plugins.
Preloading 0 native plugins for Editor in 0.00 ms.
Initialize engine version: 6000.3.9f1 (7a9955a4f2fa)
[Subsystems] Discovering subsystems at path C:/Program Files/Unity/Hub/Editor/6000.3.9f1/Editor/Data/Resources/UnitySubsystems
[Subsystems] Discovering subsystems at path C:/Users/Mahdi/source/repos/Sanic-ball/Assets
GfxDevice: creating device client; kGfxThreadingModeNonThreaded
Direct3D:
    Version:  Direct3D 11.0 [level 11.1]
    Renderer: AMD Radeon RX 6600 (ID=0x73ff)
    Vendor:   ATI
    VRAM:     8147 MB
    Driver:   32.0.21041.1000
Initialize mono
Mono path[0] = 'C:/Program Files/Unity/Hub/Editor/6000.3.9f1/Editor/Data/Managed'
Mono path[1] = 'C:/Program Files/Unity/Hub/Editor/6000.3.9f1/Editor/Data/MonoBleedingEdge/lib/mono/unityjit-win32'
Mono config path = 'C:/Program Files/Unity/Hub/Editor/6000.3.9f1/Editor/Data/MonoBleedingEdge/etc'
Using monoOptions --debugger-agent=transport=dt_socket,embedding=1,server=y,suspend=n,address=127.0.0.1:56392
Begin MonoManager ReloadAssembly
Registering precompiled unity dll's ...
Register platform support module: C:/Program Files/Unity/Hub/Editor/6000.3.9f1/Editor/Data/PlaybackEngines/WebGLSupport/UnityEditor.WebGL.Extensions.dll
Register platform support module: C:/Program Files/Unity/Hub/Editor/6000.3.9f1/Editor/Data/PlaybackEngines/WindowsStandaloneSupport/UnityEditor.WindowsStandalone.Extensions.dll
[Licensing::Module] Licensing is not yet initialized.
[Licensing::Client] Handshaking with LicensingClient:
  Version:                 1.17.4+4293ba1
  Session Id:              cb63833d416241ed98e708afbdd444d1
  Correlation Id:          3cd8f565141f49bf4e441bf6bb00ee21
  External correlation Id: 6816834849067213582
  Machine Id:              vS4E38ic1MYhv5YD3rXNQePWmPQ=
[Licensing::Module] Successfully connected to LicensingClient on channel: "LicenseClient-Mahdi" (connect: 0.00s, validation: 0.00s, handshake: 1.63s)
[Licensing::IpcConnector] Successfully connected to: "LicenseClient-Mahdi-notifications" at "2026-02-25T03:11:28.8810598Z"
[Licensing::Module] Licensing Background thread has ended after 1.63s
[Licensing::Module] Licensing is initialized (took 0.58s).
[Licensing::Client] Successfully resolved entitlement details
[Licensing::Module] License group:
  Id: 2475253255278-UnityPersXXXX
  Product: Unity Personal
  Type: Assigned
  Expiration: Unlimited
Register platform support module: C:/Program Files/Unity/Hub/Editor/6000.3.9f1/Editor/Data/PlaybackEngines/AndroidPlayer/UnityEditor.Android.Extensions.dll
Registered in 0.590046 seconds.
- Loaded All Assemblies, in  1.349 seconds
Native extension for Android target not found
Android Extension - Scanning For ADB Devices 2094 ms
Native extension for WindowsStandalone target not found
Native extension for WebGL target not found
ScheduleIndexationOnStartup MainProcess:False IndexOnStartup:True
Mono: successfully reloaded assembly
- Finished resetting the current domain, in  4.251 seconds
Domain Reload Profiling: 5596ms
	BeginReloadAssembly (134ms)
		ExecutionOrderSort (0ms)
		DisableScriptedObjects (0ms)
		BackupInstance (0ms)
		ReleaseScriptingObjects (0ms)
		CreateAndSetChildDomain (1ms)
	RebuildCommonClasses (51ms)
	RebuildNativeTypeToScriptingClass (12ms)
	initialDomainReloadingComplete (644ms)
	LoadAllAssembliesAndSetupDomain (503ms)
		LoadAssemblies (129ms)
		RebuildTransferFunctionScriptingTraits (0ms)
		AnalyzeDomain (499ms)
			TypeCache.Refresh (496ms)
				TypeCache.ScanAssembly (459ms)
			BuildScriptInfoCaches (0ms)
			ResolveRequiredComponents (1ms)
	FinalizeReload (4252ms)
		ReleaseScriptCaches (0ms)
		RebuildScriptCaches (0ms)
		SetupLoadedEditorAssemblies (4169ms)
			LogAssemblyErrors (0ms)
			InitializePlatformSupportModulesInManaged (2358ms)
			SetLoadedEditorAssemblies (6ms)
			BeforeProcessingInitializeOnLoad (935ms)
			ProcessInitializeOnLoadAttributes (570ms)
			ProcessInitializeOnLoadMethodAttributes (299ms)
			AfterProcessingInitializeOnLoad (0ms)
			EditorAssembliesLoaded (0ms)
		ExecutionOrderSort2 (0ms)
		AwakeInstancesAfterBackupRestoration (0ms)
========================================================================
Worker process is ready to serve import requests
Import Worker Mode flag is 0x00
Begin MonoManager ReloadAssembly
[Licensing::Client] Successfully resolved entitlement details
- Loaded All Assemblies, in  3.540 seconds
OnLevelWasLoaded was found on MatchManager
This message has been deprecated and will be removed in a later version of Unity.
Add a delegate to SceneManager.sceneLoaded instead to get notifications after scene loading has completed
0x00007ff9c175235e (Unity) StackWalker::ShowCallstack
0x00007ff9c2f86649 (Unity) PlatformStacktrace::GetStacktrace
0x00007ff9c2f86ece (Unity) Stacktrace::GetStacktrace
0x00007ff9c1702dbf (Unity) DebugStringToFile
0x00007ff9c1e76c35 (Unity) PopulateMethods
0x00007ff9c1e6c4fa (Unity) CreateMonoScriptCache
0x00007ff9c1e6ddeb (Unity) FindOrCreateMonoScriptCache
0x00007ff9c1e76ff7 (Unity) MonoScript::RebuildFromAwake
0x00007ff9c1e68041 (Unity) MonoScript::AwakeFromLoad
0x00007ff9c3f74351 (Unity) ScriptFactory::BatchRegisterAndCreateObjects
0x00007ff9c3f783f1 (Unity) ScriptFactory::ProcessCurrentScripts
0x00007ff9c3f705cc (Unity) TransientArtifactCoordinatorWorker::ProcessCurrentScriptAssets
0x00007ff9c3f10b78 (Unity) AssetImportWorkerClient::RegisterTransientArtifacts
0x00007ff9c3f02e51 (Unity) <lambda_ee9ac4533b064b5365ceb7395ab9dcd3>::operator()
0x00007ff9c3f410bf (Unity) asio::detail::completion_handler<core::mutable_function<void __cdecl(void)>,asio::io_context::basic_executor_type<std::allocator<void>,0> >::do_complete
0x00007ff9c3f2e9b1 (Unity) asio::detail::win_iocp_io_context::do_one
0x00007ff9c3f2fb9e (Unity) asio::detail::win_iocp_io_context::run
0x00007ff9c3f3f729 (Unity) IOService::Run
0x00007ff9c3f122ef (Unity) AssetImportWorkerClient::Run
0x00007ff9c3ed64b8 (Unity) RunAssetImportWorkerClientV2
0x00007ff9c3ed652b (Unity) RunAssetImporterV2
0x00007ff9c27b78ff (Unity) Application::InitializeProject
0x00007ff9c25ad003 (Unity) UnityMain
0x00007ff7d2fd2f2a (Unity) __scrt_common_main_seh
0x00007ffab016e8d7 (KERNEL32) BaseThreadInitThunk
0x00007ffab162c40c (ntdll) RtlUserThreadStart

Refreshing native plugins compatible for Editor in 0.00 ms, found 0 plugins.
OnLevelWasLoaded was found on MatchManager
This message has been deprecated and will be removed in a later version of Unity.
Add a delegate to SceneManager.sceneLoaded instead to get notifications after scene loading has completed
0x00007ff9c175235e (Unity) StackWalker::ShowCallstack
0x00007ff9c2f86649 (Unity) PlatformStacktrace::GetStacktrace
0x00007ff9c2f86ece (Unity) Stacktrace::GetStacktrace
0x00007ff9c1702dbf (Unity) DebugStringToFile
0x00007ff9c1e76c35 (Unity) PopulateMethods
0x00007ff9c1e6c4fa (Unity) CreateMonoScriptCache
0x00007ff9c1e6ddeb (Unity) FindOrCreateMonoScriptCache
0x00007ff9c1e776a2 (Unity) MonoScript::Renew
0x00007ff9c1e76d83 (Unity) MonoScript::Rebuild
0x00007ff9c1ea4c54 (Unity) RebuildAllScriptCaches
0x00007ff9c1e9f151 (Unity) MonoManager::FinalizeReload
0x00007ff9c3e37c24 (Unity) ScriptingInitializer::FinalizeReload
0x00007ff9c3f02e56 (Unity) <lambda_ee9ac4533b064b5365ceb7395ab9dcd3>::operator()
0x00007ff9c3f410bf (Unity) asio::detail::completion_handler<core::mutable_function<void __cdecl(void)>,asio::io_context::basic_executor_type<std::allocator<void>,0> >::do_complete
0x00007ff9c3f2e9b1 (Unity) asio::detail::win_iocp_io_context::do_one
0x00007ff9c3f2fb9e (Unity) asio::detail::win_iocp_io_context::run
0x00007ff9c3f3f729 (Unity) IOService::Run
0x00007ff9c3f122ef (Unity) AssetImportWorkerClient::Run
0x00007ff9c3ed64b8 (Unity) RunAssetImportWorkerClientV2
0x00007ff9c3ed652b (Unity) RunAssetImporterV2
0x00007ff9c27b78ff (Unity) Application::InitializeProject
0x00007ff9c25ad003 (Unity) UnityMain
0x00007ff7d2fd2f2a (Unity) __scrt_common_main_seh
0x00007ffab016e8d7 (KERNEL32) BaseThreadInitThunk
0x00007ffab162c40c (ntdll) RtlUserThreadStart

Native extension for Android target not found
Native extension for WindowsStandalone target not found
Native extension for WebGL target not found
ScheduleIndexationOnStartup MainProcess:False IndexOnStartup:True
Mono: successfully reloaded assembly
- Finished resetting the current domain, in  2.064 seconds
Domain Reload Profiling: 5598ms
	BeginReloadAssembly (758ms)
		ExecutionOrderSort (0ms)
		DisableScriptedObjects (11ms)
		BackupInstance (0ms)
		ReleaseScriptingObjects (0ms)
		CreateAndSetChildDomain (134ms)
	RebuildCommonClasses (223ms)
	RebuildNativeTypeToScriptingClass (51ms)
	initialDomainReloadingComplete (48ms)
	LoadAllAssembliesAndSetupDomain (2448ms)
		LoadAssemblies (2712ms)
		RebuildTransferFunctionScriptingTraits (0ms)
		AnalyzeDomain (167ms)
			TypeCache.Refresh (110ms)
				TypeCache.ScanAssembly (83ms)
			BuildScriptInfoCaches (41ms)
			ResolveRequiredComponents (7ms)
	FinalizeReload (2070ms)
		ReleaseScriptCaches (0ms)
		RebuildScriptCaches (0ms)
		SetupLoadedEditorAssemblies (1238ms)
			LogAssemblyErrors (0ms)
			InitializePlatformSupportModulesInManaged (67ms)
			SetLoadedEditorAssemblies (22ms)
			BeforeProcessingInitializeOnLoad (166ms)
			ProcessInitializeOnLoadAttributes (630ms)
			ProcessInitializeOnLoadMethodAttributes (284ms)
			AfterProcessingInitializeOnLoad (68ms)
			EditorAssembliesLoaded (0ms)
		ExecutionOrderSort2 (0ms)
		AwakeInstancesAfterBackupRestoration (22ms)
Launched and connected shader compiler UnityShaderCompiler.exe after 0.59 seconds
Refreshing native plugins compatible for Editor in 0.00 ms, found 0 plugins.
Preloading 0 native plugins for Editor in 0.00 ms.
Unloading 0 Unused Serialized files (Serialized files now loaded: 0)
Unloading 700 unused Assets / (59.5 KB). Loaded Objects now: 1379.
Memory consumption went from 91.7 MB to 91.6 MB.
Total: 732.219400 ms (FindLiveObjects: 0.286400 ms CreateObjectMapping: 0.071000 ms MarkObjects: 728.950700 ms  DeleteObjects: 2.908800 ms)

