[Licensing::Module] Trying to connect to existing licensing client channel...
Built from '6000.3/staging' branch; Version is '6000.3.9f1 (7a9955a4f2fa) revision 8034645'; Using compiler version '194234433'; Build Type 'Release'
[Licensing::IpcConnector] Successfully connected to: "LicenseClient-Mahdi" at "2026-02-25T03:04:02.7472712Z"
OS: 'Windows 11  (10.0.26200) Professional' Language: 'en' Physical Memory: 32635 MB
BatchMode: 1, IsHumanControllingUs: 0, StartBugReporterOnCrash: 0, Is64bit: 1
System  architecture: x64
Process architecture: x64
Date: 2026-02-25T03:04:02Z

COMMAND LINE ARGUMENTS:
C:\Program Files\Unity\Hub\Editor\6000.3.9f1\Editor\Unity.exe
-adb2
-batchMode
-noUpm
-name
AssetImportWorker6
-projectPath
C:/Users/Mahdi/source/repos/Sanic-ball
-logFile
Logs/AssetImportWorker6.log
-srvPort
60304
-licensingIpc
LicenseClient-Mahdi
-job-worker-count
5
-background-job-worker-count
8
-gc-helper-count
1
-name
AssetImport
Successfully changed project path to: C:/Users/Mahdi/source/repos/Sanic-ball
C:/Users/Mahdi/source/repos/Sanic-ball
[UnityMemory] Configuration Parameters - Can be set up in boot.config
    "memorysetup-temp-allocator-size-nav-mesh-worker=65536"
    "memorysetup-temp-allocator-size-audio-worker=65536"
    "memorysetup-temp-allocator-size-gfx=262144"
    "memorysetup-allocator-temp-initial-block-size-main=262144"
    "memorysetup-allocator-temp-initial-block-size-worker=262144"
    "memorysetup-temp-allocator-size-background-worker=32768"
    "memorysetup-temp-allocator-size-job-worker=262144"
    "memorysetup-temp-allocator-size-preload-manager=33554432"
    "memorysetup-temp-allocator-size-gi-baking-worker=262144"
    "memorysetup-temp-allocator-size-gi-baking-worker=262144"
    "memorysetup-temp-allocator-size-gi-baking-worker=262144"
    "memorysetup-temp-allocator-size-gi-baking-worker=262144"
    "memorysetup-temp-allocator-size-gi-baking-worker=262144"
    "memorysetup-bucket-allocator-granularity=16"
    "memorysetup-bucket-allocator-bucket-count=8"
    "memorysetup-bucket-allocator-block-size=33554432"
    "memorysetup-bucket-allocator-block-count=8"
    "memorysetup-main-allocator-block-size=16777216"
    "memorysetup-thread-allocator-block-size=16777216"
    "memorysetup-gfx-main-allocator-block-size=16777216"
    "memorysetup-gfx-thread-allocator-block-size=16777216"
    "memorysetup-cache-allocator-block-size=4194304"
    "memorysetup-typetree-allocator-block-size=2097152"
    "memorysetup-profiler-bucket-allocator-granularity=16"
    "memorysetup-profiler-bucket-allocator-bucket-count=8"
    "memorysetup-profiler-bucket-allocator-block-size=33554432"
    "memorysetup-profiler-bucket-allocator-block-count=8"
    "memorysetup-profiler-allocator-block-size=16777216"
    "memorysetup-profiler-editor-allocator-block-size=1048576"
    "memorysetup-temp-allocator-size-main=16777216"
    "memorysetup-job-temp-allocator-block-size=2097152"
    "memorysetup-job-temp-allocator-block-size-background=1048576"
    "memorysetup-job-temp-allocator-reduction-small-platforms=262144"
    "memorysetup-temp-allocator-size-cloud-worker=32768"
Player connection [23020]  Target information:

Player connection [23020]  * "[IP] 192.168.1.178 [Port] 0 [Flags] 2 [Guid] 2298925844 [EditorId] 2298925844 [Version] 1048832 [Id] WindowsEditor(7,MahdisCurcitBoard) [Debug] 1 [PackageName] WindowsEditor [ProjectName] Editor" 

Player connection [23020] Host joined multi-casting on [225.0.0.222:54997]...
Player connection [23020] Host joined alternative multi-casting on [225.0.0.222:34997]...
JobSystem: Creating JobQueue using job-worker-count value 5
Input System module state changed to: Initialized.
[Physics::Module] Initialized fallback backend.
[Physics::Module] Id: 0xdecafbad
Library Redirect Path: Library/
[Physics::Module] Selected backend.
[Physics::Module] Name: PhysX
[Physics::Module] Id: 0xf2b8ea05
[Physics::Module] SDK Version: 4.1.2
[Physics::Module] Integration Version: 1.0.0
[Physics::Module] Threading Mode: Multi-Threaded
Refreshing native plugins compatible for Editor in 0.00 ms, found 0 plugins.
Preloading 0 native plugins for Editor in 0.00 ms.
Initialize engine version: 6000.3.9f1 (7a9955a4f2fa)
[Subsystems] Discovering subsystems at path C:/Program Files/Unity/Hub/Editor/6000.3.9f1/Editor/Data/Resources/UnitySubsystems
[Subsystems] Discovering subsystems at path C:/Users/Mahdi/source/repos/Sanic-ball/Assets
GfxDevice: creating device client; kGfxThreadingModeNonThreaded
Direct3D:
    Version:  Direct3D 11.0 [level 11.1]
    Renderer: AMD Radeon RX 6600 (ID=0x73ff)
    Vendor:   ATI
    VRAM:     8147 MB
    Driver:   32.0.21041.1000
Initialize mono
Mono path[0] = 'C:/Program Files/Unity/Hub/Editor/6000.3.9f1/Editor/Data/Managed'
Mono path[1] = 'C:/Program Files/Unity/Hub/Editor/6000.3.9f1/Editor/Data/MonoBleedingEdge/lib/mono/unityjit-win32'
Mono config path = 'C:/Program Files/Unity/Hub/Editor/6000.3.9f1/Editor/Data/MonoBleedingEdge/etc'
Using monoOptions --debugger-agent=transport=dt_socket,embedding=1,server=y,suspend=n,address=127.0.0.1:56004
Begin MonoManager ReloadAssembly
Registering precompiled unity dll's ...
Register platform support module: C:/Program Files/Unity/Hub/Editor/6000.3.9f1/Editor/Data/PlaybackEngines/WebGLSupport/UnityEditor.WebGL.Extensions.dll
Register platform support module: C:/Program Files/Unity/Hub/Editor/6000.3.9f1/Editor/Data/PlaybackEngines/WindowsStandaloneSupport/UnityEditor.WindowsStandalone.Extensions.dll
[Licensing::Module] Licensing is not yet initialized.
[Licensing::Client] Handshaking with LicensingClient:
  Version:                 1.17.4+4293ba1
  Session Id:              b3a7632ffd7e4fd2bfba40657c1d053c
  Correlation Id:          3cd8f565141f49bf4e441bf6bb00ee21
  External correlation Id: 714098028556566562
  Machine Id:              vS4E38ic1MYhv5YD3rXNQePWmPQ=
[Licensing::Module] Successfully connected to LicensingClient on channel: "LicenseClient-Mahdi" (connect: 0.00s, validation: 0.00s, handshake: 1.14s)
[Licensing::IpcConnector] Successfully connected to: "LicenseClient-Mahdi-notifications" at "2026-02-25T03:04:03.8846542Z"
[Licensing::Module] Licensing Background thread has ended after 1.14s
[Licensing::Module] Licensing is initialized (took 0.54s).
[Licensing::Client] Successfully resolved entitlement details
[Licensing::Module] License group:
  Id: 2475253255278-UnityPersXXXX
  Product: Unity Personal
  Type: Assigned
  Expiration: Unlimited
Register platform support module: C:/Program Files/Unity/Hub/Editor/6000.3.9f1/Editor/Data/PlaybackEngines/AndroidPlayer/UnityEditor.Android.Extensions.dll
Registered in 0.542470 seconds.
- Loaded All Assemblies, in  0.888 seconds
Native extension for Android target not found
Android Extension - Scanning For ADB Devices 287 ms
Native extension for WindowsStandalone target not found
Native extension for WebGL target not found
ScheduleIndexationOnStartup MainProcess:False IndexOnStartup:True
Mono: successfully reloaded assembly
- Finished resetting the current domain, in  0.702 seconds
Domain Reload Profiling: 1586ms
	BeginReloadAssembly (90ms)
		ExecutionOrderSort (0ms)
		DisableScriptedObjects (0ms)
		BackupInstance (0ms)
		ReleaseScriptingObjects (0ms)
		CreateAndSetChildDomain (1ms)
	RebuildCommonClasses (33ms)
	RebuildNativeTypeToScriptingClass (11ms)
	initialDomainReloadingComplete (588ms)
	LoadAllAssembliesAndSetupDomain (161ms)
		LoadAssemblies (86ms)
		RebuildTransferFunctionScriptingTraits (0ms)
		AnalyzeDomain (157ms)
			TypeCache.Refresh (155ms)
				TypeCache.ScanAssembly (143ms)
			BuildScriptInfoCaches (0ms)
			ResolveRequiredComponents (0ms)
	FinalizeReload (702ms)
		ReleaseScriptCaches (0ms)
		RebuildScriptCaches (0ms)
		SetupLoadedEditorAssemblies (669ms)
			LogAssemblyErrors (0ms)
			InitializePlatformSupportModulesInManaged (387ms)
			SetLoadedEditorAssemblies (4ms)
			BeforeProcessingInitializeOnLoad (72ms)
			ProcessInitializeOnLoadAttributes (134ms)
			ProcessInitializeOnLoadMethodAttributes (72ms)
			AfterProcessingInitializeOnLoad (0ms)
			EditorAssembliesLoaded (0ms)
		ExecutionOrderSort2 (0ms)
		AwakeInstancesAfterBackupRestoration (0ms)
========================================================================
Worker process is ready to serve import requests
Import Worker Mode flag is 0x00
Begin MonoManager ReloadAssembly
[Licensing::Client] Successfully resolved entitlement details
- Loaded All Assemblies, in  0.374 seconds
OnLevelWasLoaded was found on MatchManager
This message has been deprecated and will be removed in a later version of Unity.
Add a delegate to SceneManager.sceneLoaded instead to get notifications after scene loading has completed
0x00007ff9c175235e (Unity) StackWalker::ShowCallstack
0x00007ff9c2f86649 (Unity) PlatformStacktrace::GetStacktrace
0x00007ff9c2f86ece (Unity) Stacktrace::GetStacktrace
0x00007ff9c1702dbf (Unity) DebugStringToFile
0x00007ff9c1e76c35 (Unity) PopulateMethods
0x00007ff9c1e6c4fa (Unity) CreateMonoScriptCache
0x00007ff9c1e6ddeb (Unity) FindOrCreateMonoScriptCache
0x00007ff9c1e76ff7 (Unity) MonoScript::RebuildFromAwake
0x00007ff9c1e68041 (Unity) MonoScript::AwakeFromLoad
0x00007ff9c3f74351 (Unity) ScriptFactory::BatchRegisterAndCreateObjects
0x00007ff9c3f783f1 (Unity) ScriptFactory::ProcessCurrentScripts
0x00007ff9c3f705cc (Unity) TransientArtifactCoordinatorWorker::ProcessCurrentScriptAssets
0x00007ff9c3f10b78 (Unity) AssetImportWorkerClient::RegisterTransientArtifacts
0x00007ff9c3f02e51 (Unity) <lambda_ee9ac4533b064b5365ceb7395ab9dcd3>::operator()
0x00007ff9c3f410bf (Unity) asio::detail::completion_handler<core::mutable_function<void __cdecl(void)>,asio::io_context::basic_executor_type<std::allocator<void>,0> >::do_complete
0x00007ff9c3f2e9b1 (Unity) asio::detail::win_iocp_io_context::do_one
0x00007ff9c3f2fb9e (Unity) asio::detail::win_iocp_io_context::run
0x00007ff9c3f3f729 (Unity) IOService::Run
0x00007ff9c3f122ef (Unity) AssetImportWorkerClient::Run
0x00007ff9c3ed64b8 (Unity) RunAssetImportWorkerClientV2
0x00007ff9c3ed652b (Unity) RunAssetImporterV2
0x00007ff9c27b78ff (Unity) Application::InitializeProject
0x00007ff9c25ad003 (Unity) UnityMain
0x00007ff7d2fd2f2a (Unity) __scrt_common_main_seh
0x00007ffab016e8d7 (KERNEL32) BaseThreadInitThunk
0x00007ffab162c40c (ntdll) RtlUserThreadStart

Refreshing native plugins compatible for Editor in 0.00 ms, found 0 plugins.
OnLevelWasLoaded was found on MatchManager
This message has been deprecated and will be removed in a later version of Unity.
Add a delegate to SceneManager.sceneLoaded instead to get notifications after scene loading has completed
0x00007ff9c175235e (Unity) StackWalker::ShowCallstack
0x00007ff9c2f86649 (Unity) PlatformStacktrace::GetStacktrace
0x00007ff9c2f86ece (Unity) Stacktrace::GetStacktrace
0x00007ff9c1702dbf (Unity) DebugStringToFile
0x00007ff9c1e76c35 (Unity) PopulateMethods
0x00007ff9c1e6c4fa (Unity) CreateMonoScriptCache
0x00007ff9c1e6ddeb (Unity) FindOrCreateMonoScriptCache
0x00007ff9c1e776a2 (Unity) MonoScript::Renew
0x00007ff9c1e76d83 (Unity) MonoScript::Rebuild
0x00007ff9c1ea4c54 (Unity) RebuildAllScriptCaches
0x00007ff9c1e9f151 (Unity) MonoManager::FinalizeReload
0x00007ff9c3e37c24 (Unity) ScriptingInitializer::FinalizeReload
0x00007ff9c3f02e56 (Unity) <lambda_ee9ac4533b064b5365ceb7395ab9dcd3>::operator()
0x00007ff9c3f410bf (Unity) asio::detail::completion_handler<core::mutable_function<void __cdecl(void)>,asio::io_context::basic_executor_type<std::allocator<void>,0> >::do_complete
0x00007ff9c3f2e9b1 (Unity) asio::detail::win_iocp_io_context::do_one
0x00007ff9c3f2fb9e (Unity) asio::detail::win_iocp_io_context::run
0x00007ff9c3f3f729 (Unity) IOService::Run
0x00007ff9c3f122ef (Unity) AssetImportWorkerClient::Run
0x00007ff9c3ed64b8 (Unity) RunAssetImportWorkerClientV2
0x00007ff9c3ed652b (Unity) RunAssetImporterV2
0x00007ff9c27b78ff (Unity) Application::InitializeProject
0x00007ff9c25ad003 (Unity) UnityMain
0x00007ff7d2fd2f2a (Unity) __scrt_common_main_seh
0x00007ffab016e8d7 (KERNEL32) BaseThreadInitThunk
0x00007ffab162c40c (ntdll) RtlUserThreadStart

Native extension for Android target not found
Native extension for WindowsStandalone target not found
Native extension for WebGL target not found
ScheduleIndexationOnStartup MainProcess:False IndexOnStartup:True
Mono: successfully reloaded assembly
- Finished resetting the current domain, in  0.437 seconds
Domain Reload Profiling: 807ms
	BeginReloadAssembly (147ms)
		ExecutionOrderSort (0ms)
		DisableScriptedObjects (6ms)
		BackupInstance (0ms)
		ReleaseScriptingObjects (0ms)
		CreateAndSetChildDomain (34ms)
	RebuildCommonClasses (33ms)
	RebuildNativeTypeToScriptingClass (10ms)
	initialDomainReloadingComplete (25ms)
	LoadAllAssembliesAndSetupDomain (154ms)
		LoadAssemblies (185ms)
		RebuildTransferFunctionScriptingTraits (0ms)
		AnalyzeDomain (35ms)
			TypeCache.Refresh (26ms)
				TypeCache.ScanAssembly (17ms)
			BuildScriptInfoCaches (5ms)
			ResolveRequiredComponents (3ms)
	FinalizeReload (437ms)
		ReleaseScriptCaches (0ms)
		RebuildScriptCaches (0ms)
		SetupLoadedEditorAssemblies (330ms)
			LogAssemblyErrors (0ms)
			InitializePlatformSupportModulesInManaged (9ms)
			SetLoadedEditorAssemblies (2ms)
			BeforeProcessingInitializeOnLoad (129ms)
			ProcessInitializeOnLoadAttributes (146ms)
			ProcessInitializeOnLoadMethodAttributes (34ms)
			AfterProcessingInitializeOnLoad (9ms)
			EditorAssembliesLoaded (0ms)
		ExecutionOrderSort2 (0ms)
		AwakeInstancesAfterBackupRestoration (11ms)
Launched and connected shader compiler UnityShaderCompiler.exe after 0.02 seconds
Refreshing native plugins compatible for Editor in 0.00 ms, found 0 plugins.
Preloading 0 native plugins for Editor in 0.00 ms.
Unloading 0 Unused Serialized files (Serialized files now loaded: 0)
Unloading 700 unused Assets / (212.1 KB). Loaded Objects now: 1379.
Memory consumption went from 88.2 MB to 87.9 MB.
Total: 4.524900 ms (FindLiveObjects: 0.107900 ms CreateObjectMapping: 0.030600 ms MarkObjects: 4.086100 ms  DeleteObjects: 0.299500 ms)

========================================================================
Received Prepare
Refreshing native plugins compatible for Editor in 0.00 ms, found 0 plugins.
Preloading 0 native plugins for Editor in 0.00 ms.
Unloading 0 Unused Serialized files (Serialized files now loaded: 0)
Unloading 0 unused Assets / (0 B). Loaded Objects now: 1379.
Memory consumption went from 88.5 MB to 88.5 MB.
Total: 4.742200 ms (FindLiveObjects: 0.086900 ms CreateObjectMapping: 0.026800 ms MarkObjects: 4.623000 ms  DeleteObjects: 0.004600 ms)

Prepare: number of updated asset objects reloaded= 0
========================================================================
Received Prepare
Refreshing native plugins compatible for Editor in 0.00 ms, found 0 plugins.
Preloading 0 native plugins for Editor in 0.00 ms.
Unloading 0 Unused Serialized files (Serialized files now loaded: 0)
Unloading 0 unused Assets / (0 B). Loaded Objects now: 1379.
Memory consumption went from 88.5 MB to 88.5 MB.
Total: 4.949100 ms (FindLiveObjects: 0.080800 ms CreateObjectMapping: 0.018800 ms MarkObjects: 4.844000 ms  DeleteObjects: 0.004600 ms)

Prepare: number of updated asset objects reloaded= 0
AssetImportParameters requested are different than current active one (requested -> active):
0x00007ff9c175235e (Unity) StackWalker::ShowCallstack
0x00007ff9c2f86649 (Unity) PlatformStacktrace::GetStacktrace
0x00007ff9c2f86ece (Unity) Stacktrace::GetStacktrace
0x00007ff9c1702dbf (Unity) DebugStringToFile
0x00007ff9c3f1494e (Unity) VerifyAssetImportParametersConsistency
0x00007ff9c3f00d5b (Unity) <lambda_5452ac5a9fee84d9980558ea7cd976b2>::operator()
0x00007ff9c3f410bf (Unity) asio::detail::completion_handler<core::mutable_function<void __cdecl(void)>,asio::io_context::basic_executor_type<std::allocator<void>,0> >::do_complete
0x00007ff9c3f2e9b1 (Unity) asio::detail::win_iocp_io_context::do_one
0x00007ff9c3f2fbd4 (Unity) asio::detail::win_iocp_io_context::run
0x00007ff9c3f3f729 (Unity) IOService::Run
0x00007ff9c3f122ef (Unity) AssetImportWorkerClient::Run
0x00007ff9c3ed64b8 (Unity) RunAssetImportWorkerClientV2
0x00007ff9c3ed652b (Unity) RunAssetImporterV2
0x00007ff9c27b78ff (Unity) Application::InitializeProject
0x00007ff9c25ad003 (Unity) UnityMain
0x00007ff7d2fd2f2a (Unity) __scrt_common_main_seh
0x00007ffab016e8d7 (KERNEL32) BaseThreadInitThunk
0x00007ffab162c40c (ntdll) RtlUserThreadStart

  buildTarget: platform 20, subtarget 3, extendedPlatform 0 -> platform 20, subtarget 0, extendedPlatform 0
0x00007ff9c175235e (Unity) StackWalker::ShowCallstack
0x00007ff9c2f86649 (Unity) PlatformStacktrace::GetStacktrace
0x00007ff9c2f86ece (Unity) Stacktrace::GetStacktrace
0x00007ff9c1702dbf (Unity) DebugStringToFile
0x00007ff9c3f14a23 (Unity) VerifyAssetImportParametersConsistency
0x00007ff9c3f00d5b (Unity) <lambda_5452ac5a9fee84d9980558ea7cd976b2>::operator()
0x00007ff9c3f410bf (Unity) asio::detail::completion_handler<core::mutable_function<void __cdecl(void)>,asio::io_context::basic_executor_type<std::allocator<void>,0> >::do_complete
0x00007ff9c3f2e9b1 (Unity) asio::detail::win_iocp_io_context::do_one
0x00007ff9c3f2fbd4 (Unity) asio::detail::win_iocp_io_context::run
0x00007ff9c3f3f729 (Unity) IOService::Run
0x00007ff9c3f122ef (Unity) AssetImportWorkerClient::Run
0x00007ff9c3ed64b8 (Unity) RunAssetImportWorkerClientV2
0x00007ff9c3ed652b (Unity) RunAssetImporterV2
0x00007ff9c27b78ff (Unity) Application::InitializeProject
0x00007ff9c25ad003 (Unity) UnityMain
0x00007ff7d2fd2f2a (Unity) __scrt_common_main_seh
0x00007ffab016e8d7 (KERNEL32) BaseThreadInitThunk
0x00007ffab162c40c (ntdll) RtlUserThreadStart

========================================================================
Received Import Request.
  Time since last request: 2895.130176 seconds.
  path: Assets/Sound/Music/Ingame/01_Speedway.ogg
  artifactKey: Guid(c03bfee26a820a346acb833fe9c55e6e) Importer(815301076,1909f56bfc062723c751e8b465ee728b)
Start importing Assets/Sound/Music/Ingame/01_Speedway.ogg using Guid(c03bfee26a820a346acb833fe9c55e6e) Importer(815301076,1909f56bfc062723c751e8b465ee728b) (PreviewImporter) -> (artifact id: 'ded255c73ed997c4c14c058358934d98') in 0.1068356 seconds
Number of updated asset objects reloaded before import = 0Number of asset objects unloaded after import = 2

========================================================================
Received Import Request.
  Time since last request: 0.000019 seconds.
  path: Assets/Sound/Sfx/rang.wav
  artifactKey: Guid(c0ffcb9f860cd1043ad43f7041e2ee3e) Importer(815301076,1909f56bfc062723c751e8b465ee728b)
Start importing Assets/Sound/Sfx/rang.wav using Guid(c0ffcb9f860cd1043ad43f7041e2ee3e) Importer(815301076,1909f56bfc062723c751e8b465ee728b) (PreviewImporter) -> (artifact id: 'b98c9470fa4e0695900d7e97fa99314a') in 0.0051464 seconds
Number of updated asset objects reloaded before import = 0Number of asset objects unloaded after import = 2

========================================================================
Received Import Request.
  Time since last request: 0.000028 seconds.
  path: Assets/Sound/Music/Ingame/11_Katamari.ogg
  artifactKey: Guid(8b1be8e83aad861459e1577652dd3ec3) Importer(815301076,1909f56bfc062723c751e8b465ee728b)
Start importing Assets/Sound/Music/Ingame/11_Katamari.ogg using Guid(8b1be8e83aad861459e1577652dd3ec3) Importer(815301076,1909f56bfc062723c751e8b465ee728b) (PreviewImporter) -> (artifact id: '20d24f6e7754e430028bbf6f5c0ece2d') in 0.0045697 seconds
Number of updated asset objects reloaded before import = 0Number of asset objects unloaded after import = 2

========================================================================
Received Import Request.
  Time since last request: 0.000013 seconds.
  path: Assets/Sound/Music/Ingame/13_SingingBirds.ogg
  artifactKey: Guid(758413b45beffa24196bf83fee8b5444) Importer(815301076,1909f56bfc062723c751e8b465ee728b)
Start importing Assets/Sound/Music/Ingame/13_SingingBirds.ogg using Guid(758413b45beffa24196bf83fee8b5444) Importer(815301076,1909f56bfc062723c751e8b465ee728b) (PreviewImporter) -> (artifact id: '8caf582d7ec3495865e8f6196c81f0c7') in 0.0046977 seconds
Number of updated asset objects reloaded before import = 0Number of asset objects unloaded after import = 2

========================================================================
Received Import Request.
  Time since last request: 0.000016 seconds.
  path: Assets/Sound/Sfx/jump.mp3
  artifactKey: Guid(f0af43db82807c241a23c2d5c731412a) Importer(815301076,1909f56bfc062723c751e8b465ee728b)
Start importing Assets/Sound/Sfx/jump.mp3 using Guid(f0af43db82807c241a23c2d5c731412a) Importer(815301076,1909f56bfc062723c751e8b465ee728b) (PreviewImporter) -> (artifact id: '61afbfc452fd55adb7550069115ceadd') in 0.0060014 seconds
Number of updated asset objects reloaded before import = 0Number of asset objects unloaded after import = 2

========================================================================
Received Import Request.
  Time since last request: 0.000019 seconds.
  path: Assets/Sound/Music/Ingame/10_Pronto.ogg
  artifactKey: Guid(1d9b7697ce54b7c4b9ec6bc3eeff5d8a) Importer(815301076,1909f56bfc062723c751e8b465ee728b)
Start importing Assets/Sound/Music/Ingame/10_Pronto.ogg using Guid(1d9b7697ce54b7c4b9ec6bc3eeff5d8a) Importer(815301076,1909f56bfc062723c751e8b465ee728b) (PreviewImporter) -> (artifact id: '5d9adfaa77cb78197a6612318d627f02') in 0.0045456 seconds
Number of updated asset objects reloaded before import = 0Number of asset objects unloaded after import = 2

========================================================================
Received Import Request.
  Time since last request: 0.000013 seconds.
  path: Assets/Sound/Sfx/countdown2.wav
  artifactKey: Guid(e00c307cf0885eb4d91cb342786e33d1) Importer(815301076,1909f56bfc062723c751e8b465ee728b)
Start importing Assets/Sound/Sfx/countdown2.wav using Guid(e00c307cf0885eb4d91cb342786e33d1) Importer(815301076,1909f56bfc062723c751e8b465ee728b) (PreviewImporter) -> (artifact id: '1ff915b830ac5418ad37bdd2bda358bf') in 0.0054757 seconds
Number of updated asset objects reloaded before import = 0Number of asset objects unloaded after import = 2

========================================================================
Received Import Request.
  Time since last request: 0.000022 seconds.
  path: Assets/Sound/Music/Lobby/StarLightZone.ogg
  artifactKey: Guid(44c81f1441c9db74fb26cbf1b217c417) Importer(815301076,1909f56bfc062723c751e8b465ee728b)
Start importing Assets/Sound/Music/Lobby/StarLightZone.ogg using Guid(44c81f1441c9db74fb26cbf1b217c417) Importer(815301076,1909f56bfc062723c751e8b465ee728b) (PreviewImporter) -> (artifact id: '14b87526d3d6d087f5c08bd25475f756') in 0.0048704 seconds
Number of updated asset objects reloaded before import = 0Number of asset objects unloaded after import = 2

========================================================================
Received Import Request.
  Time since last request: 0.000051 seconds.
  path: Assets/Sound/Sfx/speedboost.wav
  artifactKey: Guid(97f74ee61962a04469775af639cee941) Importer(815301076,1909f56bfc062723c751e8b465ee728b)
Start importing Assets/Sound/Sfx/speedboost.wav using Guid(97f74ee61962a04469775af639cee941) Importer(815301076,1909f56bfc062723c751e8b465ee728b) (PreviewImporter) -> (artifact id: '77a2fc463ba72d09d27957069fa83208') in 0.0058161 seconds
Number of updated asset objects reloaded before import = 0Number of asset objects unloaded after import = 2

========================================================================
Received Import Request.
  Time since last request: 0.000015 seconds.
  path: Assets/Sound/Music/Bangarang.ogg
  artifactKey: Guid(65eed12773deb844185037ac6ee1ebff) Importer(815301076,1909f56bfc062723c751e8b465ee728b)
Start importing Assets/Sound/Music/Bangarang.ogg using Guid(65eed12773deb844185037ac6ee1ebff) Importer(815301076,1909f56bfc062723c751e8b465ee728b) (PreviewImporter) -> (artifact id: '36a3eeac48de9368d96028cefe3ce9b3') in 0.0054712 seconds
Number of updated asset objects reloaded before import = 0Number of asset objects unloaded after import = 2

========================================================================
Received Import Request.
  Time since last request: 0.000021 seconds.
  path: Assets/Sound/Music/Eargasm.ogg
  artifactKey: Guid(b18271ab4d4f23748ab35d0788a5b273) Importer(815301076,1909f56bfc062723c751e8b465ee728b)
Start importing Assets/Sound/Music/Eargasm.ogg using Guid(b18271ab4d4f23748ab35d0788a5b273) Importer(815301076,1909f56bfc062723c751e8b465ee728b) (PreviewImporter) -> (artifact id: 'de54d56ef70b254c74c8f510fc1008a6') in 0.0054144 seconds
Number of updated asset objects reloaded before import = 0Number of asset objects unloaded after import = 2

========================================================================
Received Import Request.
  Time since last request: 0.000109 seconds.
  path: Assets/Sound/Music/Ingame/05_FeelTheSunshine.ogg
  artifactKey: Guid(2f11158510addae4e9aa863d642470c6) Importer(815301076,1909f56bfc062723c751e8b465ee728b)
Start importing Assets/Sound/Music/Ingame/05_FeelTheSunshine.ogg using Guid(2f11158510addae4e9aa863d642470c6) Importer(815301076,1909f56bfc062723c751e8b465ee728b) (PreviewImporter) -> (artifact id: '95bee4d8a50ca9963a0504b1270d8717') in 0.0055624 seconds
Number of updated asset objects reloaded before import = 0Number of asset objects unloaded after import = 2

========================================================================
Received Import Request.
  Time since last request: 0.000026 seconds.
  path: Assets/Sound/Ambience/Sea.ogg
  artifactKey: Guid(e1e7a8b43765b2d4988805f928932131) Importer(815301076,1909f56bfc062723c751e8b465ee728b)
Start importing Assets/Sound/Ambience/Sea.ogg using Guid(e1e7a8b43765b2d4988805f928932131) Importer(815301076,1909f56bfc062723c751e8b465ee728b) (PreviewImporter) -> (artifact id: '0a33b2622ce8b697fc1cdd7776fa84f0') in 0.0052331 seconds
Number of updated asset objects reloaded before import = 0Number of asset objects unloaded after import = 2

========================================================================
Received Import Request.
  Time since last request: 0.000017 seconds.
  path: Assets/Sound/Sfx/brake.wav
  artifactKey: Guid(40c2a8ff80fe23d44bc7c4dc597bc2b7) Importer(815301076,1909f56bfc062723c751e8b465ee728b)
Start importing Assets/Sound/Sfx/brake.wav using Guid(40c2a8ff80fe23d44bc7c4dc597bc2b7) Importer(815301076,1909f56bfc062723c751e8b465ee728b) (PreviewImporter) -> (artifact id: 'eaa483d6346bee8cf1f5f1450d747deb') in 0.0046998 seconds
Number of updated asset objects reloaded before import = 0Number of asset objects unloaded after import = 2

========================================================================
Received Import Request.
  Time since last request: 0.000018 seconds.
  path: Assets/Sound/Music/Ingame/07_SanicBoom.ogg
  artifactKey: Guid(620a36572d220564d8b06d50a724704e) Importer(815301076,1909f56bfc062723c751e8b465ee728b)
Start importing Assets/Sound/Music/Ingame/07_SanicBoom.ogg using Guid(620a36572d220564d8b06d50a724704e) Importer(815301076,1909f56bfc062723c751e8b465ee728b) (PreviewImporter) -> (artifact id: '51aef56bcc1cc4f2c647a72bfc6e04a4') in 0.0055905 seconds
Number of updated asset objects reloaded before import = 0Number of asset objects unloaded after import = 2

========================================================================
Received Import Request.
  Time since last request: 0.000014 seconds.
  path: Assets/Sound/Music/Lobby/MysticCaveZone.ogg
  artifactKey: Guid(cb4f570cf0c413445891e50c1a179f98) Importer(815301076,1909f56bfc062723c751e8b465ee728b)
Start importing Assets/Sound/Music/Lobby/MysticCaveZone.ogg using Guid(cb4f570cf0c413445891e50c1a179f98) Importer(815301076,1909f56bfc062723c751e8b465ee728b) (PreviewImporter) -> (artifact id: '15acaf1a6fff30ff0e5c1c07c2cfbe31') in 0.0062253 seconds
Number of updated asset objects reloaded before import = 0Number of asset objects unloaded after import = 2

Editor requested this worker to shutdown with reason: Scaling down because of idle timeout
AssetImportWorker is now disconnected from the server
Process exiting
Exiting without the bug reporter. Application will terminate with return code 0