[Licensing::Module] Trying to connect to existing licensing client channel...
Built from '6000.3/staging' branch; Version is '6000.3.9f1 (7a9955a4f2fa) revision 8034645'; Using compiler version '194234433'; Build Type 'Release'
OS: 'Windows 11  (10.0.26200) Professional' Language: 'en' Physical Memory: 32635 MB
[Licensing::IpcConnector] Successfully connected to: "LicenseClient-Mahdi" at "2026-02-25T02:59:20.9546824Z"
BatchMode: 1, IsHumanControllingUs: 0, StartBugReporterOnCrash: 0, Is64bit: 1
System  architecture: x64
Process architecture: x64
Date: 2026-02-25T02:59:20Z

COMMAND LINE ARGUMENTS:
C:\Program Files\Unity\Hub\Editor\6000.3.9f1\Editor\Unity.exe
-adb2
-batchMode
-noUpm
-name
AssetImportWorker4
-projectPath
C:/Users/Mahdi/source/repos/Sanic-ball
-logFile
Logs/AssetImportWorker4.log
-srvPort
60304
-licensingIpc
LicenseClient-Mahdi
-job-worker-count
5
-background-job-worker-count
8
-gc-helper-count
1
-name
AssetImport
Successfully changed project path to: C:/Users/Mahdi/source/repos/Sanic-ball
C:/Users/Mahdi/source/repos/Sanic-ball
[UnityMemory] Configuration Parameters - Can be set up in boot.config
    "memorysetup-temp-allocator-size-nav-mesh-worker=65536"
    "memorysetup-temp-allocator-size-audio-worker=65536"
    "memorysetup-temp-allocator-size-gfx=262144"
    "memorysetup-allocator-temp-initial-block-size-main=262144"
    "memorysetup-allocator-temp-initial-block-size-worker=262144"
    "memorysetup-temp-allocator-size-background-worker=32768"
    "memorysetup-temp-allocator-size-job-worker=262144"
    "memorysetup-temp-allocator-size-preload-manager=33554432"
    "memorysetup-temp-allocator-size-gi-baking-worker=262144"
    "memorysetup-temp-allocator-size-gi-baking-worker=262144"
    "memorysetup-temp-allocator-size-gi-baking-worker=262144"
    "memorysetup-temp-allocator-size-gi-baking-worker=262144"
    "memorysetup-temp-allocator-size-gi-baking-worker=262144"
    "memorysetup-bucket-allocator-granularity=16"
    "memorysetup-bucket-allocator-bucket-count=8"
    "memorysetup-bucket-allocator-block-size=33554432"
    "memorysetup-bucket-allocator-block-count=8"
    "memorysetup-main-allocator-block-size=16777216"
    "memorysetup-thread-allocator-block-size=16777216"
    "memorysetup-gfx-main-allocator-block-size=16777216"
    "memorysetup-gfx-thread-allocator-block-size=16777216"
    "memorysetup-cache-allocator-block-size=4194304"
    "memorysetup-typetree-allocator-block-size=2097152"
    "memorysetup-profiler-bucket-allocator-granularity=16"
    "memorysetup-profiler-bucket-allocator-bucket-count=8"
    "memorysetup-profiler-bucket-allocator-block-size=33554432"
    "memorysetup-profiler-bucket-allocator-block-count=8"
    "memorysetup-profiler-allocator-block-size=16777216"
    "memorysetup-profiler-editor-allocator-block-size=1048576"
    "memorysetup-temp-allocator-size-main=16777216"
    "memorysetup-job-temp-allocator-block-size=2097152"
    "memorysetup-job-temp-allocator-block-size-background=1048576"
    "memorysetup-job-temp-allocator-reduction-small-platforms=262144"
    "memorysetup-temp-allocator-size-cloud-worker=32768"
Player connection [26372]  Target information:

Player connection [26372]  * "[IP] 192.168.1.178 [Port] 0 [Flags] 2 [Guid] 2399436923 [EditorId] 2399436923 [Version] 1048832 [Id] WindowsEditor(7,MahdisCurcitBoard) [Debug] 1 [PackageName] WindowsEditor [ProjectName] Editor" 

Player connection [26372] Host joined multi-casting on [225.0.0.222:54997]...
Player connection [26372] Host joined alternative multi-casting on [225.0.0.222:34997]...
JobSystem: Creating JobQueue using job-worker-count value 5
Input System module state changed to: Initialized.
[Physics::Module] Initialized fallback backend.
[Physics::Module] Id: 0xdecafbad
Library Redirect Path: Library/
[Physics::Module] Selected backend.
[Physics::Module] Name: PhysX
[Physics::Module] Id: 0xf2b8ea05
[Physics::Module] SDK Version: 4.1.2
[Physics::Module] Integration Version: 1.0.0
[Physics::Module] Threading Mode: Multi-Threaded
Refreshing native plugins compatible for Editor in 0.00 ms, found 0 plugins.
Preloading 0 native plugins for Editor in 0.00 ms.
Initialize engine version: 6000.3.9f1 (7a9955a4f2fa)
[Subsystems] Discovering subsystems at path C:/Program Files/Unity/Hub/Editor/6000.3.9f1/Editor/Data/Resources/UnitySubsystems
[Subsystems] Discovering subsystems at path C:/Users/Mahdi/source/repos/Sanic-ball/Assets
GfxDevice: creating device client; kGfxThreadingModeNonThreaded
Direct3D:
    Version:  Direct3D 11.0 [level 11.1]
    Renderer: AMD Radeon RX 6600 (ID=0x73ff)
    Vendor:   ATI
    VRAM:     8147 MB
    Driver:   32.0.21041.1000
Initialize mono
Mono path[0] = 'C:/Program Files/Unity/Hub/Editor/6000.3.9f1/Editor/Data/Managed'
Mono path[1] = 'C:/Program Files/Unity/Hub/Editor/6000.3.9f1/Editor/Data/MonoBleedingEdge/lib/mono/unityjit-win32'
Mono config path = 'C:/Program Files/Unity/Hub/Editor/6000.3.9f1/Editor/Data/MonoBleedingEdge/etc'
Using monoOptions --debugger-agent=transport=dt_socket,embedding=1,server=y,suspend=n,address=127.0.0.1:56928
Begin MonoManager ReloadAssembly
Registering precompiled unity dll's ...
Register platform support module: C:/Program Files/Unity/Hub/Editor/6000.3.9f1/Editor/Data/PlaybackEngines/WebGLSupport/UnityEditor.WebGL.Extensions.dll
Register platform support module: C:/Program Files/Unity/Hub/Editor/6000.3.9f1/Editor/Data/PlaybackEngines/WindowsStandaloneSupport/UnityEditor.WindowsStandalone.Extensions.dll
[Licensing::Module] Licensing is not yet initialized.
[Licensing::Client] Handshaking with LicensingClient:
  Version:                 1.17.4+4293ba1
  Session Id:              765df6eb8ee245bc827d56d0ef4e5027
  Correlation Id:          3cd8f565141f49bf4e441bf6bb00ee21
  External correlation Id: 4428962950785462178
  Machine Id:              vS4E38ic1MYhv5YD3rXNQePWmPQ=
[Licensing::Module] Successfully connected to LicensingClient on channel: "LicenseClient-Mahdi" (connect: 0.00s, validation: 0.00s, handshake: 1.28s)
[Licensing::IpcConnector] Successfully connected to: "LicenseClient-Mahdi-notifications" at "2026-02-25T02:59:22.2377441Z"
[Licensing::Module] Licensing Background thread has ended after 1.28s
[Licensing::Module] Licensing is initialized (took 0.59s).
[Licensing::Client] Successfully resolved entitlement details
[Licensing::Module] License group:
  Id: 2475253255278-UnityPersXXXX
  Product: Unity Personal
  Type: Assigned
  Expiration: Unlimited
Register platform support module: C:/Program Files/Unity/Hub/Editor/6000.3.9f1/Editor/Data/PlaybackEngines/AndroidPlayer/UnityEditor.Android.Extensions.dll
Registered in 0.595854 seconds.
- Loaded All Assemblies, in  0.967 seconds
Native extension for Android target not found
Android Extension - Scanning For ADB Devices 290 ms
Native extension for WindowsStandalone target not found
Native extension for WebGL target not found
ScheduleIndexationOnStartup MainProcess:False IndexOnStartup:True
Mono: successfully reloaded assembly
- Finished resetting the current domain, in  0.718 seconds
Domain Reload Profiling: 1681ms
	BeginReloadAssembly (103ms)
		ExecutionOrderSort (0ms)
		DisableScriptedObjects (0ms)
		BackupInstance (0ms)
		ReleaseScriptingObjects (0ms)
		CreateAndSetChildDomain (1ms)
	RebuildCommonClasses (41ms)
	RebuildNativeTypeToScriptingClass (11ms)
	initialDomainReloadingComplete (642ms)
	LoadAllAssembliesAndSetupDomain (166ms)
		LoadAssemblies (98ms)
		RebuildTransferFunctionScriptingTraits (0ms)
		AnalyzeDomain (163ms)
			TypeCache.Refresh (161ms)
				TypeCache.ScanAssembly (148ms)
			BuildScriptInfoCaches (0ms)
			ResolveRequiredComponents (0ms)
	FinalizeReload (719ms)
		ReleaseScriptCaches (0ms)
		RebuildScriptCaches (0ms)
		SetupLoadedEditorAssemblies (685ms)
			LogAssemblyErrors (0ms)
			InitializePlatformSupportModulesInManaged (394ms)
			SetLoadedEditorAssemblies (4ms)
			BeforeProcessingInitializeOnLoad (76ms)
			ProcessInitializeOnLoadAttributes (140ms)
			ProcessInitializeOnLoadMethodAttributes (71ms)
			AfterProcessingInitializeOnLoad (0ms)
			EditorAssembliesLoaded (0ms)
		ExecutionOrderSort2 (0ms)
		AwakeInstancesAfterBackupRestoration (0ms)
========================================================================
Worker process is ready to serve import requests
Import Worker Mode flag is 0x00
Begin MonoManager ReloadAssembly
[Licensing::Client] Successfully resolved entitlement details
- Loaded All Assemblies, in  0.376 seconds
OnLevelWasLoaded was found on MatchManager
This message has been deprecated and will be removed in a later version of Unity.
Add a delegate to SceneManager.sceneLoaded instead to get notifications after scene loading has completed
0x00007ff9c175235e (Unity) StackWalker::ShowCallstack
0x00007ff9c2f86649 (Unity) PlatformStacktrace::GetStacktrace
0x00007ff9c2f86ece (Unity) Stacktrace::GetStacktrace
0x00007ff9c1702dbf (Unity) DebugStringToFile
0x00007ff9c1e76c35 (Unity) PopulateMethods
0x00007ff9c1e6c4fa (Unity) CreateMonoScriptCache
0x00007ff9c1e6ddeb (Unity) FindOrCreateMonoScriptCache
0x00007ff9c1e76ff7 (Unity) MonoScript::RebuildFromAwake
0x00007ff9c1e68041 (Unity) MonoScript::AwakeFromLoad
0x00007ff9c3f74351 (Unity) ScriptFactory::BatchRegisterAndCreateObjects
0x00007ff9c3f783f1 (Unity) ScriptFactory::ProcessCurrentScripts
0x00007ff9c3f705cc (Unity) TransientArtifactCoordinatorWorker::ProcessCurrentScriptAssets
0x00007ff9c3f10b78 (Unity) AssetImportWorkerClient::RegisterTransientArtifacts
0x00007ff9c3f02e51 (Unity) <lambda_ee9ac4533b064b5365ceb7395ab9dcd3>::operator()
0x00007ff9c3f410bf (Unity) asio::detail::completion_handler<core::mutable_function<void __cdecl(void)>,asio::io_context::basic_executor_type<std::allocator<void>,0> >::do_complete
0x00007ff9c3f2e9b1 (Unity) asio::detail::win_iocp_io_context::do_one
0x00007ff9c3f2fb9e (Unity) asio::detail::win_iocp_io_context::run
0x00007ff9c3f3f729 (Unity) IOService::Run
0x00007ff9c3f122ef (Unity) AssetImportWorkerClient::Run
0x00007ff9c3ed64b8 (Unity) RunAssetImportWorkerClientV2
0x00007ff9c3ed652b (Unity) RunAssetImporterV2
0x00007ff9c27b78ff (Unity) Application::InitializeProject
0x00007ff9c25ad003 (Unity) UnityMain
0x00007ff7d2fd2f2a (Unity) __scrt_common_main_seh
0x00007ffab016e8d7 (KERNEL32) BaseThreadInitThunk
0x00007ffab162c40c (ntdll) RtlUserThreadStart

Refreshing native plugins compatible for Editor in 0.00 ms, found 0 plugins.
OnLevelWasLoaded was found on MatchManager
This message has been deprecated and will be removed in a later version of Unity.
Add a delegate to SceneManager.sceneLoaded instead to get notifications after scene loading has completed
0x00007ff9c175235e (Unity) StackWalker::ShowCallstack
0x00007ff9c2f86649 (Unity) PlatformStacktrace::GetStacktrace
0x00007ff9c2f86ece (Unity) Stacktrace::GetStacktrace
0x00007ff9c1702dbf (Unity) DebugStringToFile
0x00007ff9c1e76c35 (Unity) PopulateMethods
0x00007ff9c1e6c4fa (Unity) CreateMonoScriptCache
0x00007ff9c1e6ddeb (Unity) FindOrCreateMonoScriptCache
0x00007ff9c1e776a2 (Unity) MonoScript::Renew
0x00007ff9c1e76d83 (Unity) MonoScript::Rebuild
0x00007ff9c1ea4c54 (Unity) RebuildAllScriptCaches
0x00007ff9c1e9f151 (Unity) MonoManager::FinalizeReload
0x00007ff9c3e37c24 (Unity) ScriptingInitializer::FinalizeReload
0x00007ff9c3f02e56 (Unity) <lambda_ee9ac4533b064b5365ceb7395ab9dcd3>::operator()
0x00007ff9c3f410bf (Unity) asio::detail::completion_handler<core::mutable_function<void __cdecl(void)>,asio::io_context::basic_executor_type<std::allocator<void>,0> >::do_complete
0x00007ff9c3f2e9b1 (Unity) asio::detail::win_iocp_io_context::do_one
0x00007ff9c3f2fb9e (Unity) asio::detail::win_iocp_io_context::run
0x00007ff9c3f3f729 (Unity) IOService::Run
0x00007ff9c3f122ef (Unity) AssetImportWorkerClient::Run
0x00007ff9c3ed64b8 (Unity) RunAssetImportWorkerClientV2
0x00007ff9c3ed652b (Unity) RunAssetImporterV2
0x00007ff9c27b78ff (Unity) Application::InitializeProject
0x00007ff9c25ad003 (Unity) UnityMain
0x00007ff7d2fd2f2a (Unity) __scrt_common_main_seh
0x00007ffab016e8d7 (KERNEL32) BaseThreadInitThunk
0x00007ffab162c40c (ntdll) RtlUserThreadStart

Native extension for Android target not found
Native extension for WindowsStandalone target not found
Native extension for WebGL target not found
ScheduleIndexationOnStartup MainProcess:False IndexOnStartup:True
Mono: successfully reloaded assembly
- Finished resetting the current domain, in  0.362 seconds
Domain Reload Profiling: 733ms
	BeginReloadAssembly (147ms)
		ExecutionOrderSort (0ms)
		DisableScriptedObjects (5ms)
		BackupInstance (0ms)
		ReleaseScriptingObjects (0ms)
		CreateAndSetChildDomain (34ms)
	RebuildCommonClasses (33ms)
	RebuildNativeTypeToScriptingClass (11ms)
	initialDomainReloadingComplete (24ms)
	LoadAllAssembliesAndSetupDomain (156ms)
		LoadAssemblies (187ms)
		RebuildTransferFunctionScriptingTraits (0ms)
		AnalyzeDomain (36ms)
			TypeCache.Refresh (26ms)
				TypeCache.ScanAssembly (17ms)
			BuildScriptInfoCaches (5ms)
			ResolveRequiredComponents (3ms)
	FinalizeReload (362ms)
		ReleaseScriptCaches (0ms)
		RebuildScriptCaches (0ms)
		SetupLoadedEditorAssemblies (256ms)
			LogAssemblyErrors (0ms)
			InitializePlatformSupportModulesInManaged (10ms)
			SetLoadedEditorAssemblies (2ms)
			BeforeProcessingInitializeOnLoad (89ms)
			ProcessInitializeOnLoadAttributes (112ms)
			ProcessInitializeOnLoadMethodAttributes (33ms)
			AfterProcessingInitializeOnLoad (9ms)
			EditorAssembliesLoaded (0ms)
		ExecutionOrderSort2 (0ms)
		AwakeInstancesAfterBackupRestoration (11ms)
Launched and connected shader compiler UnityShaderCompiler.exe after 0.02 seconds
Refreshing native plugins compatible for Editor in 0.00 ms, found 0 plugins.
Preloading 0 native plugins for Editor in 0.00 ms.
Unloading 0 Unused Serialized files (Serialized files now loaded: 0)
Unloading 700 unused Assets / (241.2 KB). Loaded Objects now: 1379.
Memory consumption went from 88.2 MB to 88.0 MB.
Total: 5.551700 ms (FindLiveObjects: 0.111100 ms CreateObjectMapping: 0.040700 ms MarkObjects: 5.141900 ms  DeleteObjects: 0.257200 ms)

========================================================================
Received Import Request.
  Time since last request: 2305.209078 seconds.
  path: Assets/Sound/Sfx/wind.ogg
  artifactKey: Guid(6864b642d4c0f5b4283f26612c74aaef) Importer(815301076,1909f56bfc062723c751e8b465ee728b)
Start importing Assets/Sound/Sfx/wind.ogg using Guid(6864b642d4c0f5b4283f26612c74aaef) Importer(815301076,1909f56bfc062723c751e8b465ee728b) (PreviewImporter) -> (artifact id: '590326330efdcd8f0621c0145940d232') in 0.0940325 seconds
Number of updated asset objects reloaded before import = 0Number of asset objects unloaded after import = 2

========================================================================
Received Import Request.
  Time since last request: 0.000022 seconds.
  path: Assets/Sound/Music/Ingame/08_RollingStart.ogg
  artifactKey: Guid(d23cf9326a1ddb14ebd6b635fa272c81) Importer(815301076,1909f56bfc062723c751e8b465ee728b)
Start importing Assets/Sound/Music/Ingame/08_RollingStart.ogg using Guid(d23cf9326a1ddb14ebd6b635fa272c81) Importer(815301076,1909f56bfc062723c751e8b465ee728b) (PreviewImporter) -> (artifact id: 'aa0280ad9af52ed90399282e49851d79') in 0.005088 seconds
Number of updated asset objects reloaded before import = 0Number of asset objects unloaded after import = 2

========================================================================
Received Import Request.
  Time since last request: 0.000027 seconds.
  path: Assets/Sound/Sfx/rang.wav
  artifactKey: Guid(c0ffcb9f860cd1043ad43f7041e2ee3e) Importer(815301076,1909f56bfc062723c751e8b465ee728b)
Start importing Assets/Sound/Sfx/rang.wav using Guid(c0ffcb9f860cd1043ad43f7041e2ee3e) Importer(815301076,1909f56bfc062723c751e8b465ee728b) (PreviewImporter) -> (artifact id: '21389a18721e145eb4e29c80909ddf9b') in 0.0050872 seconds
Number of updated asset objects reloaded before import = 0Number of asset objects unloaded after import = 2

========================================================================
Received Import Request.
  Time since last request: 0.000020 seconds.
  path: Assets/Sound/Music/Ingame/11_Katamari.ogg
  artifactKey: Guid(8b1be8e83aad861459e1577652dd3ec3) Importer(815301076,1909f56bfc062723c751e8b465ee728b)
Start importing Assets/Sound/Music/Ingame/11_Katamari.ogg using Guid(8b1be8e83aad861459e1577652dd3ec3) Importer(815301076,1909f56bfc062723c751e8b465ee728b) (PreviewImporter) -> (artifact id: '973b26115624e33e8cb9bfdbc884becf') in 0.0047611 seconds
Number of updated asset objects reloaded before import = 0Number of asset objects unloaded after import = 2

========================================================================
Received Import Request.
  Time since last request: 0.000020 seconds.
  path: Assets/Sound/Music/Ingame/13_SingingBirds.ogg
  artifactKey: Guid(758413b45beffa24196bf83fee8b5444) Importer(815301076,1909f56bfc062723c751e8b465ee728b)
Start importing Assets/Sound/Music/Ingame/13_SingingBirds.ogg using Guid(758413b45beffa24196bf83fee8b5444) Importer(815301076,1909f56bfc062723c751e8b465ee728b) (PreviewImporter) -> (artifact id: 'f9664642f1a3ebf757ed369586bbc190') in 0.0048592 seconds
Number of updated asset objects reloaded before import = 0Number of asset objects unloaded after import = 2

========================================================================
Received Import Request.
  Time since last request: 0.000018 seconds.
  path: Assets/Sound/Sfx/waterfall.wav
  artifactKey: Guid(05ae748c5e4d4b4469ad3f30bde1edad) Importer(815301076,1909f56bfc062723c751e8b465ee728b)
Start importing Assets/Sound/Sfx/waterfall.wav using Guid(05ae748c5e4d4b4469ad3f30bde1edad) Importer(815301076,1909f56bfc062723c751e8b465ee728b) (PreviewImporter) -> (artifact id: '56e11893b9b6dc06a4eede24f1c88db9') in 0.0050002 seconds
Number of updated asset objects reloaded before import = 0Number of asset objects unloaded after import = 2

========================================================================
Received Import Request.
  Time since last request: 0.000021 seconds.
  path: Assets/Sound/Music/RaceIntro.ogg
  artifactKey: Guid(5028d6c46723c8b4ca2763d665511a1d) Importer(815301076,1909f56bfc062723c751e8b465ee728b)
Start importing Assets/Sound/Music/RaceIntro.ogg using Guid(5028d6c46723c8b4ca2763d665511a1d) Importer(815301076,1909f56bfc062723c751e8b465ee728b) (PreviewImporter) -> (artifact id: '66c03406bce9c09e011eeb74b7e53159') in 0.0051155 seconds
Number of updated asset objects reloaded before import = 0Number of asset objects unloaded after import = 2

========================================================================
Received Import Request.
  Time since last request: 0.000019 seconds.
  path: Assets/Sound/Sfx/countdown2.wav
  artifactKey: Guid(e00c307cf0885eb4d91cb342786e33d1) Importer(815301076,1909f56bfc062723c751e8b465ee728b)
Start importing Assets/Sound/Sfx/countdown2.wav using Guid(e00c307cf0885eb4d91cb342786e33d1) Importer(815301076,1909f56bfc062723c751e8b465ee728b) (PreviewImporter) -> (artifact id: '203471b1e7ce02c71e3966420143f2cc') in 0.0047015 seconds
Number of updated asset objects reloaded before import = 0Number of asset objects unloaded after import = 2

========================================================================
Received Import Request.
  Time since last request: 0.000015 seconds.
  path: Assets/Sound/Sfx/rolling.wav
  artifactKey: Guid(8b93e1e51502d7d4f8158b9abef14ad8) Importer(815301076,1909f56bfc062723c751e8b465ee728b)
Start importing Assets/Sound/Sfx/rolling.wav using Guid(8b93e1e51502d7d4f8158b9abef14ad8) Importer(815301076,1909f56bfc062723c751e8b465ee728b) (PreviewImporter) -> (artifact id: '52c42242a28b4c8ddee38976fdfd83e4') in 0.0046329 seconds
Number of updated asset objects reloaded before import = 0Number of asset objects unloaded after import = 2

========================================================================
Received Import Request.
  Time since last request: 0.000019 seconds.
  path: Assets/Sound/Sfx/speedboost.wav
  artifactKey: Guid(97f74ee61962a04469775af639cee941) Importer(815301076,1909f56bfc062723c751e8b465ee728b)
Start importing Assets/Sound/Sfx/speedboost.wav using Guid(97f74ee61962a04469775af639cee941) Importer(815301076,1909f56bfc062723c751e8b465ee728b) (PreviewImporter) -> (artifact id: '7bf61afce4102871301e60868bf3cd9b') in 0.0050408 seconds
Number of updated asset objects reloaded before import = 0Number of asset objects unloaded after import = 2

========================================================================
Received Import Request.
  Time since last request: 0.000017 seconds.
  path: Assets/Sound/Music/Bangarang.ogg
  artifactKey: Guid(65eed12773deb844185037ac6ee1ebff) Importer(815301076,1909f56bfc062723c751e8b465ee728b)
Start importing Assets/Sound/Music/Bangarang.ogg using Guid(65eed12773deb844185037ac6ee1ebff) Importer(815301076,1909f56bfc062723c751e8b465ee728b) (PreviewImporter) -> (artifact id: '4f48095bdbdc5388240880d9f08319ba') in 0.0056617 seconds
Number of updated asset objects reloaded before import = 0Number of asset objects unloaded after import = 2

========================================================================
Received Import Request.
  Time since last request: 0.000023 seconds.
  path: Assets/Sound/Sfx/speednoise.wav
  artifactKey: Guid(8131e635251a08c4dac9d7484568e666) Importer(815301076,1909f56bfc062723c751e8b465ee728b)
Start importing Assets/Sound/Sfx/speednoise.wav using Guid(8131e635251a08c4dac9d7484568e666) Importer(815301076,1909f56bfc062723c751e8b465ee728b) (PreviewImporter) -> (artifact id: '183b7c27577d73c65d874aebcec0ad93') in 0.0049385 seconds
Number of updated asset objects reloaded before import = 0Number of asset objects unloaded after import = 2

========================================================================
Received Import Request.
  Time since last request: 0.000022 seconds.
  path: Assets/Sound/Music/Ingame/05_FeelTheSunshine.ogg
  artifactKey: Guid(2f11158510addae4e9aa863d642470c6) Importer(815301076,1909f56bfc062723c751e8b465ee728b)
Start importing Assets/Sound/Music/Ingame/05_FeelTheSunshine.ogg using Guid(2f11158510addae4e9aa863d642470c6) Importer(815301076,1909f56bfc062723c751e8b465ee728b) (PreviewImporter) -> (artifact id: 'dacb071f9d14dc6b6a6175d94b3ac0b0') in 0.0047029 seconds
Number of updated asset objects reloaded before import = 0Number of asset objects unloaded after import = 2

========================================================================
Received Import Request.
  Time since last request: 0.000019 seconds.
  path: Assets/Sound/Music/ChariotsOfFire.ogg
  artifactKey: Guid(8efd343ca38873e45b0ec1557b18daa2) Importer(815301076,1909f56bfc062723c751e8b465ee728b)
Start importing Assets/Sound/Music/ChariotsOfFire.ogg using Guid(8efd343ca38873e45b0ec1557b18daa2) Importer(815301076,1909f56bfc062723c751e8b465ee728b) (PreviewImporter) -> (artifact id: 'df469f826f44fdafb7c3f6c52d358def') in 0.0053538 seconds
Number of updated asset objects reloaded before import = 0Number of asset objects unloaded after import = 2

========================================================================
Received Import Request.
  Time since last request: 0.000017 seconds.
  path: Assets/Sound/Music/Lobby/IceCapZone.ogg
  artifactKey: Guid(7f2770e7ea82ef14693d78b061015501) Importer(815301076,1909f56bfc062723c751e8b465ee728b)
Start importing Assets/Sound/Music/Lobby/IceCapZone.ogg using Guid(7f2770e7ea82ef14693d78b061015501) Importer(815301076,1909f56bfc062723c751e8b465ee728b) (PreviewImporter) -> (artifact id: 'cc8bb61c6d5d713adf0f6b672b7a74c2') in 0.0049716 seconds
Number of updated asset objects reloaded before import = 0Number of asset objects unloaded after import = 2

========================================================================
Received Import Request.
  Time since last request: 0.000016 seconds.
  path: Assets/Sound/Music/Lobby/SpringYardZone.ogg
  artifactKey: Guid(e42812df16935b340ba9a9a0df7dcde0) Importer(815301076,1909f56bfc062723c751e8b465ee728b)
Start importing Assets/Sound/Music/Lobby/SpringYardZone.ogg using Guid(e42812df16935b340ba9a9a0df7dcde0) Importer(815301076,1909f56bfc062723c751e8b465ee728b) (PreviewImporter) -> (artifact id: 'd29fc32166baa663f660289a2cc4262a') in 0.0051919 seconds
Number of updated asset objects reloaded before import = 0Number of asset objects unloaded after import = 2

========================================================================
Received Import Request.
  Time since last request: 0.000016 seconds.
  path: Assets/Sound/Music/Lobby/MysticCaveZone.ogg
  artifactKey: Guid(cb4f570cf0c413445891e50c1a179f98) Importer(815301076,1909f56bfc062723c751e8b465ee728b)
Start importing Assets/Sound/Music/Lobby/MysticCaveZone.ogg using Guid(cb4f570cf0c413445891e50c1a179f98) Importer(815301076,1909f56bfc062723c751e8b465ee728b) (PreviewImporter) -> (artifact id: '2397361967a1ec923f7dd64acd9f8fc7') in 0.0048724 seconds
Number of updated asset objects reloaded before import = 0Number of asset objects unloaded after import = 2

Editor requested this worker to shutdown with reason: Scaling down because of idle timeout
AssetImportWorker is now disconnected from the server
Process exiting
Exiting without the bug reporter. Application will terminate with return code 0